INFO - 2024-09-12 00:55:36 --> Session: Class initialized using 'CodeIgniter\Session\Handlers\FileHandler' driver.
INFO - 2024-09-12 00:55:40 --> Session: Class initialized using 'CodeIgniter\Session\Handlers\FileHandler' driver.
INFO - 2024-09-12 00:55:55 --> Session: Class initialized using 'CodeIgniter\Session\Handlers\FileHandler' driver.
INFO - 2024-09-12 00:55:58 --> Session: Class initialized using 'CodeIgniter\Session\Handlers\FileHandler' driver.
INFO - 2024-09-12 00:55:59 --> Session: Class initialized using 'CodeIgniter\Session\Handlers\FileHandler' driver.
INFO - 2024-09-12 00:56:08 --> Session: Class initialized using 'CodeIgniter\Session\Handlers\FileHandler' driver.
INFO - 2024-09-12 00:56:08 --> Session: Class initialized using 'CodeIgniter\Session\Handlers\FileHandler' driver.
INFO - 2024-09-12 00:56:19 --> Session: Class initialized using 'CodeIgniter\Session\Handlers\FileHandler' driver.
INFO - 2024-09-12 00:56:43 --> Session: Class initialized using 'CodeIgniter\Session\Handlers\FileHandler' driver.
INFO - 2024-09-12 00:56:44 --> Session: Class initialized using 'CodeIgniter\Session\Handlers\FileHandler' driver.
INFO - 2024-09-12 01:36:17 --> Session: Class initialized using 'CodeIgniter\Session\Handlers\FileHandler' driver.
INFO - 2024-09-12 01:36:22 --> Session: Class initialized using 'CodeIgniter\Session\Handlers\FileHandler' driver.
INFO - 2024-09-12 01:36:26 --> Session: Class initialized using 'CodeIgniter\Session\Handlers\FileHandler' driver.
INFO - 2024-09-12 01:36:33 --> Session: Class initialized using 'CodeIgniter\Session\Handlers\FileHandler' driver.
INFO - 2024-09-12 01:36:35 --> Session: Class initialized using 'CodeIgniter\Session\Handlers\FileHandler' driver.
INFO - 2024-09-12 01:36:35 --> Session: Class initialized using 'CodeIgniter\Session\Handlers\FileHandler' driver.
INFO - 2024-09-12 01:36:36 --> Session: Class initialized using 'CodeIgniter\Session\Handlers\FileHandler' driver.
INFO - 2024-09-12 01:36:36 --> Session: Class initialized using 'CodeIgniter\Session\Handlers\FileHandler' driver.
INFO - 2024-09-12 01:36:37 --> Session: Class initialized using 'CodeIgniter\Session\Handlers\FileHandler' driver.
INFO - 2024-09-12 01:36:37 --> Session: Class initialized using 'CodeIgniter\Session\Handlers\FileHandler' driver.
INFO - 2024-09-12 01:36:38 --> Session: Class initialized using 'CodeIgniter\Session\Handlers\FileHandler' driver.
INFO - 2024-09-12 01:36:38 --> Session: Class initialized using 'CodeIgniter\Session\Handlers\FileHandler' driver.
INFO - 2024-09-12 01:36:39 --> Session: Class initialized using 'CodeIgniter\Session\Handlers\FileHandler' driver.
INFO - 2024-09-12 01:36:39 --> Session: Class initialized using 'CodeIgniter\Session\Handlers\FileHandler' driver.
INFO - 2024-09-12 01:36:40 --> Session: Class initialized using 'CodeIgniter\Session\Handlers\FileHandler' driver.
INFO - 2024-09-12 01:36:41 --> Session: Class initialized using 'CodeIgniter\Session\Handlers\FileHandler' driver.
INFO - 2024-09-12 01:36:42 --> Session: Class initialized using 'CodeIgniter\Session\Handlers\FileHandler' driver.
INFO - 2024-09-12 01:36:42 --> Session: Class initialized using 'CodeIgniter\Session\Handlers\FileHandler' driver.
INFO - 2024-09-12 01:36:43 --> Session: Class initialized using 'CodeIgniter\Session\Handlers\FileHandler' driver.
INFO - 2024-09-12 01:36:43 --> Session: Class initialized using 'CodeIgniter\Session\Handlers\FileHandler' driver.
INFO - 2024-09-12 01:36:44 --> Session: Class initialized using 'CodeIgniter\Session\Handlers\FileHandler' driver.
INFO - 2024-09-12 01:36:44 --> Session: Class initialized using 'CodeIgniter\Session\Handlers\FileHandler' driver.
INFO - 2024-09-12 01:36:48 --> Session: Class initialized using 'CodeIgniter\Session\Handlers\FileHandler' driver.
INFO - 2024-09-12 01:36:57 --> Session: Class initialized using 'CodeIgniter\Session\Handlers\FileHandler' driver.
INFO - 2024-09-12 01:37:00 --> Session: Class initialized using 'CodeIgniter\Session\Handlers\FileHandler' driver.
INFO - 2024-09-12 01:37:01 --> Session: Class initialized using 'CodeIgniter\Session\Handlers\FileHandler' driver.
ERROR - 2024-09-12 01:37:15 --> Excepción capturada al intentar conectarse a la API: 28 : Failed to connect to 192.168.0.164 port 5000 after 14028 ms: Couldn't connect to server
INFO - 2024-09-12 01:37:31 --> Session: Class initialized using 'CodeIgniter\Session\Handlers\FileHandler' driver.
ERROR - 2024-09-12 01:37:31 --> Excepción capturada al intentar conectarse a la API: 22 : The requested URL returned error: 500
INFO - 2024-09-12 01:37:31 --> Session: Class initialized using 'CodeIgniter\Session\Handlers\FileHandler' driver.
ERROR - 2024-09-12 01:37:31 --> Excepción capturada al intentar conectarse a la API: 22 : The requested URL returned error: 500
INFO - 2024-09-12 01:37:32 --> Session: Class initialized using 'CodeIgniter\Session\Handlers\FileHandler' driver.
ERROR - 2024-09-12 01:37:32 --> Excepción capturada al intentar conectarse a la API: 22 : The requested URL returned error: 500
INFO - 2024-09-12 01:37:32 --> Session: Class initialized using 'CodeIgniter\Session\Handlers\FileHandler' driver.
ERROR - 2024-09-12 01:37:33 --> Excepción capturada al intentar conectarse a la API: 22 : The requested URL returned error: 500
INFO - 2024-09-12 01:37:34 --> Session: Class initialized using 'CodeIgniter\Session\Handlers\FileHandler' driver.
INFO - 2024-09-12 01:37:35 --> Session: Class initialized using 'CodeIgniter\Session\Handlers\FileHandler' driver.
ERROR - 2024-09-12 01:37:35 --> Excepción capturada al intentar conectarse a la API: 22 : The requested URL returned error: 500
INFO - 2024-09-12 01:39:06 --> Session: Class initialized using 'CodeIgniter\Session\Handlers\FileHandler' driver.
INFO - 2024-09-12 01:39:06 --> Solicitud realizada a la API.
INFO - 2024-09-12 01:39:06 --> Datos recibidos: Array
(
    [0] => Array
        (
            [BSSID] => 78:45:61:DA:B9:C0
            [Channel] => 1
            [ESSID] => Fibertel Comba 2.4GHz
            [Encryption] => WPA2
            [Signal] => -33
        )

    [1] => Array
        (
            [BSSID] => EA:AD:A6:0B:09:0A
            [Channel] => 1
            [ESSID] => Personal Wifi Zone
            [Encryption] => OPN
            [Signal] => -68
        )

    [2] => Array
        (
            [BSSID] => B8:26:D4:0A:95:C2
            [Channel] => 6
            [ESSID] => RioTel_CUAGLIA_597
            [Encryption] => WPA2
            [Signal] => -45
        )

    [3] => Array
        (
            [BSSID] => E8:AD:A6:0B:08:06
            [Channel] => 1
            [ESSID] => Zeballos -2.4GHz
            [Encryption] => WPA2
            [Signal] => -66
        )

    [4] => Array
        (
            [BSSID] => 48:4B:D4:3E:B5:E0
            [Channel] => 11
            [ESSID] => Personal-5DC
            [Encryption] => WPA2
            [Signal] => -62
        )

    [5] => Array
        (
            [BSSID] => 4A:4B:D4:3E:B5:E4
            [Channel] => 11
            [ESSID] => Personal Wifi Zone
            [Encryption] => OPN
            [Signal] => -64
        )

    [6] => Array
        (
            [BSSID] => B8:26:D4:08:47:B2
            [Channel] => 6
            [ESSID] => 
            [Encryption] => 
            [Signal] => -1
        )

)

INFO - 2024-09-12 01:39:06 --> Datos procesados: Array
(
    [0] => Array
        (
            [BSSID] => 78:45:61:DA:B9:C0
            [Channel] => 1
            [ESSID] => Fibertel Comba 2.4GHz
            [Encryption] => WPA2
            [Signal] => -33
        )

    [1] => Array
        (
            [BSSID] => EA:AD:A6:0B:09:0A
            [Channel] => 1
            [ESSID] => Personal Wifi Zone
            [Encryption] => OPN
            [Signal] => -68
        )

    [2] => Array
        (
            [BSSID] => B8:26:D4:0A:95:C2
            [Channel] => 6
            [ESSID] => RioTel_CUAGLIA_597
            [Encryption] => WPA2
            [Signal] => -45
        )

    [3] => Array
        (
            [BSSID] => E8:AD:A6:0B:08:06
            [Channel] => 1
            [ESSID] => Zeballos -2.4GHz
            [Encryption] => WPA2
            [Signal] => -66
        )

    [4] => Array
        (
            [BSSID] => 48:4B:D4:3E:B5:E0
            [Channel] => 11
            [ESSID] => Personal-5DC
            [Encryption] => WPA2
            [Signal] => -62
        )

    [5] => Array
        (
            [BSSID] => 4A:4B:D4:3E:B5:E4
            [Channel] => 11
            [ESSID] => Personal Wifi Zone
            [Encryption] => OPN
            [Signal] => -64
        )

    [6] => Array
        (
            [BSSID] => B8:26:D4:08:47:B2
            [Channel] => 6
            [ESSID] => 
            [Encryption] => 
            [Signal] => -1
        )

)

ERROR - 2024-09-12 01:39:06 --> Excepción capturada al intentar conectarse a la API: Undefined array key "bssid"
INFO - 2024-09-12 01:39:07 --> Session: Class initialized using 'CodeIgniter\Session\Handlers\FileHandler' driver.
INFO - 2024-09-12 01:39:07 --> Solicitud realizada a la API.
INFO - 2024-09-12 01:39:07 --> Datos recibidos: Array
(
    [0] => Array
        (
            [BSSID] => 78:45:61:DA:B9:C0
            [Channel] => 1
            [ESSID] => Fibertel Comba 2.4GHz
            [Encryption] => WPA2
            [Signal] => -33
        )

    [1] => Array
        (
            [BSSID] => EA:AD:A6:0B:09:0A
            [Channel] => 1
            [ESSID] => Personal Wifi Zone
            [Encryption] => OPN
            [Signal] => -68
        )

    [2] => Array
        (
            [BSSID] => B8:26:D4:0A:95:C2
            [Channel] => 6
            [ESSID] => RioTel_CUAGLIA_597
            [Encryption] => WPA2
            [Signal] => -45
        )

    [3] => Array
        (
            [BSSID] => E8:AD:A6:0B:08:06
            [Channel] => 1
            [ESSID] => Zeballos -2.4GHz
            [Encryption] => WPA2
            [Signal] => -66
        )

    [4] => Array
        (
            [BSSID] => 48:4B:D4:3E:B5:E0
            [Channel] => 11
            [ESSID] => Personal-5DC
            [Encryption] => WPA2
            [Signal] => -62
        )

    [5] => Array
        (
            [BSSID] => 4A:4B:D4:3E:B5:E4
            [Channel] => 11
            [ESSID] => Personal Wifi Zone
            [Encryption] => OPN
            [Signal] => -64
        )

    [6] => Array
        (
            [BSSID] => B8:26:D4:08:47:B2
            [Channel] => 6
            [ESSID] => 
            [Encryption] => 
            [Signal] => -1
        )

)

INFO - 2024-09-12 01:39:07 --> Datos procesados: Array
(
    [0] => Array
        (
            [BSSID] => 78:45:61:DA:B9:C0
            [Channel] => 1
            [ESSID] => Fibertel Comba 2.4GHz
            [Encryption] => WPA2
            [Signal] => -33
        )

    [1] => Array
        (
            [BSSID] => EA:AD:A6:0B:09:0A
            [Channel] => 1
            [ESSID] => Personal Wifi Zone
            [Encryption] => OPN
            [Signal] => -68
        )

    [2] => Array
        (
            [BSSID] => B8:26:D4:0A:95:C2
            [Channel] => 6
            [ESSID] => RioTel_CUAGLIA_597
            [Encryption] => WPA2
            [Signal] => -45
        )

    [3] => Array
        (
            [BSSID] => E8:AD:A6:0B:08:06
            [Channel] => 1
            [ESSID] => Zeballos -2.4GHz
            [Encryption] => WPA2
            [Signal] => -66
        )

    [4] => Array
        (
            [BSSID] => 48:4B:D4:3E:B5:E0
            [Channel] => 11
            [ESSID] => Personal-5DC
            [Encryption] => WPA2
            [Signal] => -62
        )

    [5] => Array
        (
            [BSSID] => 4A:4B:D4:3E:B5:E4
            [Channel] => 11
            [ESSID] => Personal Wifi Zone
            [Encryption] => OPN
            [Signal] => -64
        )

    [6] => Array
        (
            [BSSID] => B8:26:D4:08:47:B2
            [Channel] => 6
            [ESSID] => 
            [Encryption] => 
            [Signal] => -1
        )

)

ERROR - 2024-09-12 01:39:07 --> Excepción capturada al intentar conectarse a la API: Undefined array key "bssid"
INFO - 2024-09-12 01:39:08 --> Session: Class initialized using 'CodeIgniter\Session\Handlers\FileHandler' driver.
INFO - 2024-09-12 01:39:08 --> Solicitud realizada a la API.
INFO - 2024-09-12 01:39:08 --> Datos recibidos: Array
(
    [0] => Array
        (
            [BSSID] => 78:45:61:DA:B9:C0
            [Channel] => 1
            [ESSID] => Fibertel Comba 2.4GHz
            [Encryption] => WPA2
            [Signal] => -33
        )

    [1] => Array
        (
            [BSSID] => EA:AD:A6:0B:09:0A
            [Channel] => 1
            [ESSID] => Personal Wifi Zone
            [Encryption] => OPN
            [Signal] => -68
        )

    [2] => Array
        (
            [BSSID] => B8:26:D4:0A:95:C2
            [Channel] => 6
            [ESSID] => RioTel_CUAGLIA_597
            [Encryption] => WPA2
            [Signal] => -45
        )

    [3] => Array
        (
            [BSSID] => E8:AD:A6:0B:08:06
            [Channel] => 1
            [ESSID] => Zeballos -2.4GHz
            [Encryption] => WPA2
            [Signal] => -66
        )

    [4] => Array
        (
            [BSSID] => 48:4B:D4:3E:B5:E0
            [Channel] => 11
            [ESSID] => Personal-5DC
            [Encryption] => WPA2
            [Signal] => -62
        )

    [5] => Array
        (
            [BSSID] => 4A:4B:D4:3E:B5:E4
            [Channel] => 11
            [ESSID] => Personal Wifi Zone
            [Encryption] => OPN
            [Signal] => -64
        )

    [6] => Array
        (
            [BSSID] => B8:26:D4:08:47:B2
            [Channel] => 6
            [ESSID] => 
            [Encryption] => 
            [Signal] => -1
        )

)

INFO - 2024-09-12 01:39:08 --> Datos procesados: Array
(
    [0] => Array
        (
            [BSSID] => 78:45:61:DA:B9:C0
            [Channel] => 1
            [ESSID] => Fibertel Comba 2.4GHz
            [Encryption] => WPA2
            [Signal] => -33
        )

    [1] => Array
        (
            [BSSID] => EA:AD:A6:0B:09:0A
            [Channel] => 1
            [ESSID] => Personal Wifi Zone
            [Encryption] => OPN
            [Signal] => -68
        )

    [2] => Array
        (
            [BSSID] => B8:26:D4:0A:95:C2
            [Channel] => 6
            [ESSID] => RioTel_CUAGLIA_597
            [Encryption] => WPA2
            [Signal] => -45
        )

    [3] => Array
        (
            [BSSID] => E8:AD:A6:0B:08:06
            [Channel] => 1
            [ESSID] => Zeballos -2.4GHz
            [Encryption] => WPA2
            [Signal] => -66
        )

    [4] => Array
        (
            [BSSID] => 48:4B:D4:3E:B5:E0
            [Channel] => 11
            [ESSID] => Personal-5DC
            [Encryption] => WPA2
            [Signal] => -62
        )

    [5] => Array
        (
            [BSSID] => 4A:4B:D4:3E:B5:E4
            [Channel] => 11
            [ESSID] => Personal Wifi Zone
            [Encryption] => OPN
            [Signal] => -64
        )

    [6] => Array
        (
            [BSSID] => B8:26:D4:08:47:B2
            [Channel] => 6
            [ESSID] => 
            [Encryption] => 
            [Signal] => -1
        )

)

ERROR - 2024-09-12 01:39:08 --> Excepción capturada al intentar conectarse a la API: Undefined array key "bssid"
INFO - 2024-09-12 01:39:08 --> Session: Class initialized using 'CodeIgniter\Session\Handlers\FileHandler' driver.
INFO - 2024-09-12 01:39:08 --> Solicitud realizada a la API.
INFO - 2024-09-12 01:39:08 --> Datos recibidos: Array
(
    [0] => Array
        (
            [BSSID] => 78:45:61:DA:B9:C0
            [Channel] => 1
            [ESSID] => Fibertel Comba 2.4GHz
            [Encryption] => WPA2
            [Signal] => -33
        )

    [1] => Array
        (
            [BSSID] => EA:AD:A6:0B:09:0A
            [Channel] => 1
            [ESSID] => Personal Wifi Zone
            [Encryption] => OPN
            [Signal] => -68
        )

    [2] => Array
        (
            [BSSID] => B8:26:D4:0A:95:C2
            [Channel] => 6
            [ESSID] => RioTel_CUAGLIA_597
            [Encryption] => WPA2
            [Signal] => -45
        )

    [3] => Array
        (
            [BSSID] => E8:AD:A6:0B:08:06
            [Channel] => 1
            [ESSID] => Zeballos -2.4GHz
            [Encryption] => WPA2
            [Signal] => -66
        )

    [4] => Array
        (
            [BSSID] => 48:4B:D4:3E:B5:E0
            [Channel] => 11
            [ESSID] => Personal-5DC
            [Encryption] => WPA2
            [Signal] => -62
        )

    [5] => Array
        (
            [BSSID] => 4A:4B:D4:3E:B5:E4
            [Channel] => 11
            [ESSID] => Personal Wifi Zone
            [Encryption] => OPN
            [Signal] => -64
        )

    [6] => Array
        (
            [BSSID] => B8:26:D4:08:47:B2
            [Channel] => 6
            [ESSID] => 
            [Encryption] => 
            [Signal] => -1
        )

)

INFO - 2024-09-12 01:39:08 --> Datos procesados: Array
(
    [0] => Array
        (
            [BSSID] => 78:45:61:DA:B9:C0
            [Channel] => 1
            [ESSID] => Fibertel Comba 2.4GHz
            [Encryption] => WPA2
            [Signal] => -33
        )

    [1] => Array
        (
            [BSSID] => EA:AD:A6:0B:09:0A
            [Channel] => 1
            [ESSID] => Personal Wifi Zone
            [Encryption] => OPN
            [Signal] => -68
        )

    [2] => Array
        (
            [BSSID] => B8:26:D4:0A:95:C2
            [Channel] => 6
            [ESSID] => RioTel_CUAGLIA_597
            [Encryption] => WPA2
            [Signal] => -45
        )

    [3] => Array
        (
            [BSSID] => E8:AD:A6:0B:08:06
            [Channel] => 1
            [ESSID] => Zeballos -2.4GHz
            [Encryption] => WPA2
            [Signal] => -66
        )

    [4] => Array
        (
            [BSSID] => 48:4B:D4:3E:B5:E0
            [Channel] => 11
            [ESSID] => Personal-5DC
            [Encryption] => WPA2
            [Signal] => -62
        )

    [5] => Array
        (
            [BSSID] => 4A:4B:D4:3E:B5:E4
            [Channel] => 11
            [ESSID] => Personal Wifi Zone
            [Encryption] => OPN
            [Signal] => -64
        )

    [6] => Array
        (
            [BSSID] => B8:26:D4:08:47:B2
            [Channel] => 6
            [ESSID] => 
            [Encryption] => 
            [Signal] => -1
        )

)

ERROR - 2024-09-12 01:39:08 --> Excepción capturada al intentar conectarse a la API: Undefined array key "bssid"
INFO - 2024-09-12 01:39:09 --> Session: Class initialized using 'CodeIgniter\Session\Handlers\FileHandler' driver.
INFO - 2024-09-12 01:39:09 --> Solicitud realizada a la API.
INFO - 2024-09-12 01:39:09 --> Datos recibidos: Array
(
    [0] => Array
        (
            [BSSID] => 78:45:61:DA:B9:C0
            [Channel] => 1
            [ESSID] => Fibertel Comba 2.4GHz
            [Encryption] => WPA2
            [Signal] => -33
        )

    [1] => Array
        (
            [BSSID] => EA:AD:A6:0B:09:0A
            [Channel] => 1
            [ESSID] => Personal Wifi Zone
            [Encryption] => OPN
            [Signal] => -68
        )

    [2] => Array
        (
            [BSSID] => B8:26:D4:0A:95:C2
            [Channel] => 6
            [ESSID] => RioTel_CUAGLIA_597
            [Encryption] => WPA2
            [Signal] => -45
        )

    [3] => Array
        (
            [BSSID] => E8:AD:A6:0B:08:06
            [Channel] => 1
            [ESSID] => Zeballos -2.4GHz
            [Encryption] => WPA2
            [Signal] => -66
        )

    [4] => Array
        (
            [BSSID] => 48:4B:D4:3E:B5:E0
            [Channel] => 11
            [ESSID] => Personal-5DC
            [Encryption] => WPA2
            [Signal] => -62
        )

    [5] => Array
        (
            [BSSID] => 4A:4B:D4:3E:B5:E4
            [Channel] => 11
            [ESSID] => Personal Wifi Zone
            [Encryption] => OPN
            [Signal] => -64
        )

    [6] => Array
        (
            [BSSID] => B8:26:D4:08:47:B2
            [Channel] => 6
            [ESSID] => 
            [Encryption] => 
            [Signal] => -1
        )

)

INFO - 2024-09-12 01:39:09 --> Datos procesados: Array
(
    [0] => Array
        (
            [BSSID] => 78:45:61:DA:B9:C0
            [Channel] => 1
            [ESSID] => Fibertel Comba 2.4GHz
            [Encryption] => WPA2
            [Signal] => -33
        )

    [1] => Array
        (
            [BSSID] => EA:AD:A6:0B:09:0A
            [Channel] => 1
            [ESSID] => Personal Wifi Zone
            [Encryption] => OPN
            [Signal] => -68
        )

    [2] => Array
        (
            [BSSID] => B8:26:D4:0A:95:C2
            [Channel] => 6
            [ESSID] => RioTel_CUAGLIA_597
            [Encryption] => WPA2
            [Signal] => -45
        )

    [3] => Array
        (
            [BSSID] => E8:AD:A6:0B:08:06
            [Channel] => 1
            [ESSID] => Zeballos -2.4GHz
            [Encryption] => WPA2
            [Signal] => -66
        )

    [4] => Array
        (
            [BSSID] => 48:4B:D4:3E:B5:E0
            [Channel] => 11
            [ESSID] => Personal-5DC
            [Encryption] => WPA2
            [Signal] => -62
        )

    [5] => Array
        (
            [BSSID] => 4A:4B:D4:3E:B5:E4
            [Channel] => 11
            [ESSID] => Personal Wifi Zone
            [Encryption] => OPN
            [Signal] => -64
        )

    [6] => Array
        (
            [BSSID] => B8:26:D4:08:47:B2
            [Channel] => 6
            [ESSID] => 
            [Encryption] => 
            [Signal] => -1
        )

)

ERROR - 2024-09-12 01:39:09 --> Excepción capturada al intentar conectarse a la API: Undefined array key "bssid"
INFO - 2024-09-12 01:39:31 --> Session: Class initialized using 'CodeIgniter\Session\Handlers\FileHandler' driver.
INFO - 2024-09-12 01:39:32 --> Session: Class initialized using 'CodeIgniter\Session\Handlers\FileHandler' driver.
INFO - 2024-09-12 01:39:34 --> Session: Class initialized using 'CodeIgniter\Session\Handlers\FileHandler' driver.
INFO - 2024-09-12 01:39:35 --> Session: Class initialized using 'CodeIgniter\Session\Handlers\FileHandler' driver.
INFO - 2024-09-12 01:39:35 --> Solicitud realizada a la API.
INFO - 2024-09-12 01:39:35 --> Datos recibidos: Array
(
    [0] => Array
        (
            [BSSID] => 78:45:61:DA:B9:C0
            [Channel] => 1
            [ESSID] => Fibertel Comba 2.4GHz
            [Encryption] => WPA2
            [Signal] => -33
        )

    [1] => Array
        (
            [BSSID] => EA:AD:A6:0B:09:0A
            [Channel] => 1
            [ESSID] => Personal Wifi Zone
            [Encryption] => OPN
            [Signal] => -68
        )

    [2] => Array
        (
            [BSSID] => B8:26:D4:0A:95:C2
            [Channel] => 6
            [ESSID] => RioTel_CUAGLIA_597
            [Encryption] => WPA2
            [Signal] => -45
        )

    [3] => Array
        (
            [BSSID] => E8:AD:A6:0B:08:06
            [Channel] => 1
            [ESSID] => Zeballos -2.4GHz
            [Encryption] => WPA2
            [Signal] => -66
        )

    [4] => Array
        (
            [BSSID] => 48:4B:D4:3E:B5:E0
            [Channel] => 11
            [ESSID] => Personal-5DC
            [Encryption] => WPA2
            [Signal] => -62
        )

    [5] => Array
        (
            [BSSID] => 4A:4B:D4:3E:B5:E4
            [Channel] => 11
            [ESSID] => Personal Wifi Zone
            [Encryption] => OPN
            [Signal] => -64
        )

    [6] => Array
        (
            [BSSID] => B8:26:D4:08:47:B2
            [Channel] => 6
            [ESSID] => 
            [Encryption] => 
            [Signal] => -1
        )

)

INFO - 2024-09-12 01:39:35 --> Datos procesados: Array
(
    [0] => Array
        (
            [BSSID] => 78:45:61:DA:B9:C0
            [Channel] => 1
            [ESSID] => Fibertel Comba 2.4GHz
            [Encryption] => WPA2
            [Signal] => -33
        )

    [1] => Array
        (
            [BSSID] => EA:AD:A6:0B:09:0A
            [Channel] => 1
            [ESSID] => Personal Wifi Zone
            [Encryption] => OPN
            [Signal] => -68
        )

    [2] => Array
        (
            [BSSID] => B8:26:D4:0A:95:C2
            [Channel] => 6
            [ESSID] => RioTel_CUAGLIA_597
            [Encryption] => WPA2
            [Signal] => -45
        )

    [3] => Array
        (
            [BSSID] => E8:AD:A6:0B:08:06
            [Channel] => 1
            [ESSID] => Zeballos -2.4GHz
            [Encryption] => WPA2
            [Signal] => -66
        )

    [4] => Array
        (
            [BSSID] => 48:4B:D4:3E:B5:E0
            [Channel] => 11
            [ESSID] => Personal-5DC
            [Encryption] => WPA2
            [Signal] => -62
        )

    [5] => Array
        (
            [BSSID] => 4A:4B:D4:3E:B5:E4
            [Channel] => 11
            [ESSID] => Personal Wifi Zone
            [Encryption] => OPN
            [Signal] => -64
        )

    [6] => Array
        (
            [BSSID] => B8:26:D4:08:47:B2
            [Channel] => 6
            [ESSID] => 
            [Encryption] => 
            [Signal] => -1
        )

)

ERROR - 2024-09-12 01:39:35 --> Excepción capturada al intentar conectarse a la API: Undefined array key "bssid"
INFO - 2024-09-12 01:39:37 --> Session: Class initialized using 'CodeIgniter\Session\Handlers\FileHandler' driver.
INFO - 2024-09-12 01:39:37 --> Solicitud realizada a la API.
INFO - 2024-09-12 01:39:37 --> Datos recibidos: Array
(
    [0] => Array
        (
            [BSSID] => 78:45:61:DA:B9:C0
            [Channel] => 1
            [ESSID] => Fibertel Comba 2.4GHz
            [Encryption] => WPA2
            [Signal] => -33
        )

    [1] => Array
        (
            [BSSID] => EA:AD:A6:0B:09:0A
            [Channel] => 1
            [ESSID] => Personal Wifi Zone
            [Encryption] => OPN
            [Signal] => -68
        )

    [2] => Array
        (
            [BSSID] => B8:26:D4:0A:95:C2
            [Channel] => 6
            [ESSID] => RioTel_CUAGLIA_597
            [Encryption] => WPA2
            [Signal] => -45
        )

    [3] => Array
        (
            [BSSID] => E8:AD:A6:0B:08:06
            [Channel] => 1
            [ESSID] => Zeballos -2.4GHz
            [Encryption] => WPA2
            [Signal] => -66
        )

    [4] => Array
        (
            [BSSID] => 48:4B:D4:3E:B5:E0
            [Channel] => 11
            [ESSID] => Personal-5DC
            [Encryption] => WPA2
            [Signal] => -62
        )

    [5] => Array
        (
            [BSSID] => 4A:4B:D4:3E:B5:E4
            [Channel] => 11
            [ESSID] => Personal Wifi Zone
            [Encryption] => OPN
            [Signal] => -64
        )

    [6] => Array
        (
            [BSSID] => B8:26:D4:08:47:B2
            [Channel] => 6
            [ESSID] => 
            [Encryption] => 
            [Signal] => -1
        )

)

INFO - 2024-09-12 01:39:37 --> Datos procesados: Array
(
    [0] => Array
        (
            [BSSID] => 78:45:61:DA:B9:C0
            [Channel] => 1
            [ESSID] => Fibertel Comba 2.4GHz
            [Encryption] => WPA2
            [Signal] => -33
        )

    [1] => Array
        (
            [BSSID] => EA:AD:A6:0B:09:0A
            [Channel] => 1
            [ESSID] => Personal Wifi Zone
            [Encryption] => OPN
            [Signal] => -68
        )

    [2] => Array
        (
            [BSSID] => B8:26:D4:0A:95:C2
            [Channel] => 6
            [ESSID] => RioTel_CUAGLIA_597
            [Encryption] => WPA2
            [Signal] => -45
        )

    [3] => Array
        (
            [BSSID] => E8:AD:A6:0B:08:06
            [Channel] => 1
            [ESSID] => Zeballos -2.4GHz
            [Encryption] => WPA2
            [Signal] => -66
        )

    [4] => Array
        (
            [BSSID] => 48:4B:D4:3E:B5:E0
            [Channel] => 11
            [ESSID] => Personal-5DC
            [Encryption] => WPA2
            [Signal] => -62
        )

    [5] => Array
        (
            [BSSID] => 4A:4B:D4:3E:B5:E4
            [Channel] => 11
            [ESSID] => Personal Wifi Zone
            [Encryption] => OPN
            [Signal] => -64
        )

    [6] => Array
        (
            [BSSID] => B8:26:D4:08:47:B2
            [Channel] => 6
            [ESSID] => 
            [Encryption] => 
            [Signal] => -1
        )

)

ERROR - 2024-09-12 01:39:37 --> Excepción capturada al intentar conectarse a la API: Undefined array key "bssid"
INFO - 2024-09-12 01:39:38 --> Session: Class initialized using 'CodeIgniter\Session\Handlers\FileHandler' driver.
INFO - 2024-09-12 01:39:38 --> Solicitud realizada a la API.
INFO - 2024-09-12 01:39:38 --> Datos recibidos: Array
(
    [0] => Array
        (
            [BSSID] => 78:45:61:DA:B9:C0
            [Channel] => 1
            [ESSID] => Fibertel Comba 2.4GHz
            [Encryption] => WPA2
            [Signal] => -33
        )

    [1] => Array
        (
            [BSSID] => EA:AD:A6:0B:09:0A
            [Channel] => 1
            [ESSID] => Personal Wifi Zone
            [Encryption] => OPN
            [Signal] => -68
        )

    [2] => Array
        (
            [BSSID] => B8:26:D4:0A:95:C2
            [Channel] => 6
            [ESSID] => RioTel_CUAGLIA_597
            [Encryption] => WPA2
            [Signal] => -45
        )

    [3] => Array
        (
            [BSSID] => E8:AD:A6:0B:08:06
            [Channel] => 1
            [ESSID] => Zeballos -2.4GHz
            [Encryption] => WPA2
            [Signal] => -66
        )

    [4] => Array
        (
            [BSSID] => 48:4B:D4:3E:B5:E0
            [Channel] => 11
            [ESSID] => Personal-5DC
            [Encryption] => WPA2
            [Signal] => -62
        )

    [5] => Array
        (
            [BSSID] => 4A:4B:D4:3E:B5:E4
            [Channel] => 11
            [ESSID] => Personal Wifi Zone
            [Encryption] => OPN
            [Signal] => -64
        )

    [6] => Array
        (
            [BSSID] => B8:26:D4:08:47:B2
            [Channel] => 6
            [ESSID] => 
            [Encryption] => 
            [Signal] => -1
        )

)

INFO - 2024-09-12 01:39:38 --> Datos procesados: Array
(
    [0] => Array
        (
            [BSSID] => 78:45:61:DA:B9:C0
            [Channel] => 1
            [ESSID] => Fibertel Comba 2.4GHz
            [Encryption] => WPA2
            [Signal] => -33
        )

    [1] => Array
        (
            [BSSID] => EA:AD:A6:0B:09:0A
            [Channel] => 1
            [ESSID] => Personal Wifi Zone
            [Encryption] => OPN
            [Signal] => -68
        )

    [2] => Array
        (
            [BSSID] => B8:26:D4:0A:95:C2
            [Channel] => 6
            [ESSID] => RioTel_CUAGLIA_597
            [Encryption] => WPA2
            [Signal] => -45
        )

    [3] => Array
        (
            [BSSID] => E8:AD:A6:0B:08:06
            [Channel] => 1
            [ESSID] => Zeballos -2.4GHz
            [Encryption] => WPA2
            [Signal] => -66
        )

    [4] => Array
        (
            [BSSID] => 48:4B:D4:3E:B5:E0
            [Channel] => 11
            [ESSID] => Personal-5DC
            [Encryption] => WPA2
            [Signal] => -62
        )

    [5] => Array
        (
            [BSSID] => 4A:4B:D4:3E:B5:E4
            [Channel] => 11
            [ESSID] => Personal Wifi Zone
            [Encryption] => OPN
            [Signal] => -64
        )

    [6] => Array
        (
            [BSSID] => B8:26:D4:08:47:B2
            [Channel] => 6
            [ESSID] => 
            [Encryption] => 
            [Signal] => -1
        )

)

ERROR - 2024-09-12 01:39:38 --> Excepción capturada al intentar conectarse a la API: Undefined array key "bssid"
INFO - 2024-09-12 01:39:38 --> Session: Class initialized using 'CodeIgniter\Session\Handlers\FileHandler' driver.
INFO - 2024-09-12 01:39:38 --> Solicitud realizada a la API.
INFO - 2024-09-12 01:39:38 --> Datos recibidos: Array
(
    [0] => Array
        (
            [BSSID] => 78:45:61:DA:B9:C0
            [Channel] => 1
            [ESSID] => Fibertel Comba 2.4GHz
            [Encryption] => WPA2
            [Signal] => -33
        )

    [1] => Array
        (
            [BSSID] => EA:AD:A6:0B:09:0A
            [Channel] => 1
            [ESSID] => Personal Wifi Zone
            [Encryption] => OPN
            [Signal] => -68
        )

    [2] => Array
        (
            [BSSID] => B8:26:D4:0A:95:C2
            [Channel] => 6
            [ESSID] => RioTel_CUAGLIA_597
            [Encryption] => WPA2
            [Signal] => -45
        )

    [3] => Array
        (
            [BSSID] => E8:AD:A6:0B:08:06
            [Channel] => 1
            [ESSID] => Zeballos -2.4GHz
            [Encryption] => WPA2
            [Signal] => -66
        )

    [4] => Array
        (
            [BSSID] => 48:4B:D4:3E:B5:E0
            [Channel] => 11
            [ESSID] => Personal-5DC
            [Encryption] => WPA2
            [Signal] => -62
        )

    [5] => Array
        (
            [BSSID] => 4A:4B:D4:3E:B5:E4
            [Channel] => 11
            [ESSID] => Personal Wifi Zone
            [Encryption] => OPN
            [Signal] => -64
        )

    [6] => Array
        (
            [BSSID] => B8:26:D4:08:47:B2
            [Channel] => 6
            [ESSID] => 
            [Encryption] => 
            [Signal] => -1
        )

)

INFO - 2024-09-12 01:39:38 --> Datos procesados: Array
(
    [0] => Array
        (
            [BSSID] => 78:45:61:DA:B9:C0
            [Channel] => 1
            [ESSID] => Fibertel Comba 2.4GHz
            [Encryption] => WPA2
            [Signal] => -33
        )

    [1] => Array
        (
            [BSSID] => EA:AD:A6:0B:09:0A
            [Channel] => 1
            [ESSID] => Personal Wifi Zone
            [Encryption] => OPN
            [Signal] => -68
        )

    [2] => Array
        (
            [BSSID] => B8:26:D4:0A:95:C2
            [Channel] => 6
            [ESSID] => RioTel_CUAGLIA_597
            [Encryption] => WPA2
            [Signal] => -45
        )

    [3] => Array
        (
            [BSSID] => E8:AD:A6:0B:08:06
            [Channel] => 1
            [ESSID] => Zeballos -2.4GHz
            [Encryption] => WPA2
            [Signal] => -66
        )

    [4] => Array
        (
            [BSSID] => 48:4B:D4:3E:B5:E0
            [Channel] => 11
            [ESSID] => Personal-5DC
            [Encryption] => WPA2
            [Signal] => -62
        )

    [5] => Array
        (
            [BSSID] => 4A:4B:D4:3E:B5:E4
            [Channel] => 11
            [ESSID] => Personal Wifi Zone
            [Encryption] => OPN
            [Signal] => -64
        )

    [6] => Array
        (
            [BSSID] => B8:26:D4:08:47:B2
            [Channel] => 6
            [ESSID] => 
            [Encryption] => 
            [Signal] => -1
        )

)

ERROR - 2024-09-12 01:39:38 --> Excepción capturada al intentar conectarse a la API: Undefined array key "bssid"
INFO - 2024-09-12 01:39:38 --> Session: Class initialized using 'CodeIgniter\Session\Handlers\FileHandler' driver.
INFO - 2024-09-12 01:39:38 --> Solicitud realizada a la API.
INFO - 2024-09-12 01:39:38 --> Datos recibidos: Array
(
    [0] => Array
        (
            [BSSID] => 78:45:61:DA:B9:C0
            [Channel] => 1
            [ESSID] => Fibertel Comba 2.4GHz
            [Encryption] => WPA2
            [Signal] => -33
        )

    [1] => Array
        (
            [BSSID] => EA:AD:A6:0B:09:0A
            [Channel] => 1
            [ESSID] => Personal Wifi Zone
            [Encryption] => OPN
            [Signal] => -68
        )

    [2] => Array
        (
            [BSSID] => B8:26:D4:0A:95:C2
            [Channel] => 6
            [ESSID] => RioTel_CUAGLIA_597
            [Encryption] => WPA2
            [Signal] => -45
        )

    [3] => Array
        (
            [BSSID] => E8:AD:A6:0B:08:06
            [Channel] => 1
            [ESSID] => Zeballos -2.4GHz
            [Encryption] => WPA2
            [Signal] => -66
        )

    [4] => Array
        (
            [BSSID] => 48:4B:D4:3E:B5:E0
            [Channel] => 11
            [ESSID] => Personal-5DC
            [Encryption] => WPA2
            [Signal] => -62
        )

    [5] => Array
        (
            [BSSID] => 4A:4B:D4:3E:B5:E4
            [Channel] => 11
            [ESSID] => Personal Wifi Zone
            [Encryption] => OPN
            [Signal] => -64
        )

    [6] => Array
        (
            [BSSID] => B8:26:D4:08:47:B2
            [Channel] => 6
            [ESSID] => 
            [Encryption] => 
            [Signal] => -1
        )

)

INFO - 2024-09-12 01:39:38 --> Datos procesados: Array
(
    [0] => Array
        (
            [BSSID] => 78:45:61:DA:B9:C0
            [Channel] => 1
            [ESSID] => Fibertel Comba 2.4GHz
            [Encryption] => WPA2
            [Signal] => -33
        )

    [1] => Array
        (
            [BSSID] => EA:AD:A6:0B:09:0A
            [Channel] => 1
            [ESSID] => Personal Wifi Zone
            [Encryption] => OPN
            [Signal] => -68
        )

    [2] => Array
        (
            [BSSID] => B8:26:D4:0A:95:C2
            [Channel] => 6
            [ESSID] => RioTel_CUAGLIA_597
            [Encryption] => WPA2
            [Signal] => -45
        )

    [3] => Array
        (
            [BSSID] => E8:AD:A6:0B:08:06
            [Channel] => 1
            [ESSID] => Zeballos -2.4GHz
            [Encryption] => WPA2
            [Signal] => -66
        )

    [4] => Array
        (
            [BSSID] => 48:4B:D4:3E:B5:E0
            [Channel] => 11
            [ESSID] => Personal-5DC
            [Encryption] => WPA2
            [Signal] => -62
        )

    [5] => Array
        (
            [BSSID] => 4A:4B:D4:3E:B5:E4
            [Channel] => 11
            [ESSID] => Personal Wifi Zone
            [Encryption] => OPN
            [Signal] => -64
        )

    [6] => Array
        (
            [BSSID] => B8:26:D4:08:47:B2
            [Channel] => 6
            [ESSID] => 
            [Encryption] => 
            [Signal] => -1
        )

)

ERROR - 2024-09-12 01:39:38 --> Excepción capturada al intentar conectarse a la API: Undefined array key "bssid"
INFO - 2024-09-12 01:39:47 --> Session: Class initialized using 'CodeIgniter\Session\Handlers\FileHandler' driver.
INFO - 2024-09-12 01:39:47 --> Solicitud realizada a la API.
INFO - 2024-09-12 01:39:47 --> Datos recibidos: Array
(
    [0] => Array
        (
            [BSSID] => 78:45:61:DA:B9:C0
            [Channel] => 1
            [ESSID] => Fibertel Comba 2.4GHz
            [Encryption] => WPA2
            [Signal] => -33
        )

    [1] => Array
        (
            [BSSID] => EA:AD:A6:0B:09:0A
            [Channel] => 1
            [ESSID] => Personal Wifi Zone
            [Encryption] => OPN
            [Signal] => -68
        )

    [2] => Array
        (
            [BSSID] => B8:26:D4:0A:95:C2
            [Channel] => 6
            [ESSID] => RioTel_CUAGLIA_597
            [Encryption] => WPA2
            [Signal] => -45
        )

    [3] => Array
        (
            [BSSID] => E8:AD:A6:0B:08:06
            [Channel] => 1
            [ESSID] => Zeballos -2.4GHz
            [Encryption] => WPA2
            [Signal] => -66
        )

    [4] => Array
        (
            [BSSID] => 48:4B:D4:3E:B5:E0
            [Channel] => 11
            [ESSID] => Personal-5DC
            [Encryption] => WPA2
            [Signal] => -62
        )

    [5] => Array
        (
            [BSSID] => 4A:4B:D4:3E:B5:E4
            [Channel] => 11
            [ESSID] => Personal Wifi Zone
            [Encryption] => OPN
            [Signal] => -64
        )

    [6] => Array
        (
            [BSSID] => B8:26:D4:08:47:B2
            [Channel] => 6
            [ESSID] => 
            [Encryption] => 
            [Signal] => -1
        )

)

INFO - 2024-09-12 01:39:47 --> Datos procesados: Array
(
    [0] => Array
        (
            [BSSID] => 78:45:61:DA:B9:C0
            [Channel] => 1
            [ESSID] => Fibertel Comba 2.4GHz
            [Encryption] => WPA2
            [Signal] => -33
        )

    [1] => Array
        (
            [BSSID] => EA:AD:A6:0B:09:0A
            [Channel] => 1
            [ESSID] => Personal Wifi Zone
            [Encryption] => OPN
            [Signal] => -68
        )

    [2] => Array
        (
            [BSSID] => B8:26:D4:0A:95:C2
            [Channel] => 6
            [ESSID] => RioTel_CUAGLIA_597
            [Encryption] => WPA2
            [Signal] => -45
        )

    [3] => Array
        (
            [BSSID] => E8:AD:A6:0B:08:06
            [Channel] => 1
            [ESSID] => Zeballos -2.4GHz
            [Encryption] => WPA2
            [Signal] => -66
        )

    [4] => Array
        (
            [BSSID] => 48:4B:D4:3E:B5:E0
            [Channel] => 11
            [ESSID] => Personal-5DC
            [Encryption] => WPA2
            [Signal] => -62
        )

    [5] => Array
        (
            [BSSID] => 4A:4B:D4:3E:B5:E4
            [Channel] => 11
            [ESSID] => Personal Wifi Zone
            [Encryption] => OPN
            [Signal] => -64
        )

    [6] => Array
        (
            [BSSID] => B8:26:D4:08:47:B2
            [Channel] => 6
            [ESSID] => 
            [Encryption] => 
            [Signal] => -1
        )

)

ERROR - 2024-09-12 01:39:47 --> Excepción capturada al intentar conectarse a la API: Undefined array key "bssid"
INFO - 2024-09-12 01:39:48 --> Session: Class initialized using 'CodeIgniter\Session\Handlers\FileHandler' driver.
INFO - 2024-09-12 01:39:48 --> Solicitud realizada a la API.
INFO - 2024-09-12 01:39:48 --> Datos recibidos: Array
(
    [0] => Array
        (
            [BSSID] => 78:45:61:DA:B9:C0
            [Channel] => 1
            [ESSID] => Fibertel Comba 2.4GHz
            [Encryption] => WPA2
            [Signal] => -33
        )

    [1] => Array
        (
            [BSSID] => EA:AD:A6:0B:09:0A
            [Channel] => 1
            [ESSID] => Personal Wifi Zone
            [Encryption] => OPN
            [Signal] => -68
        )

    [2] => Array
        (
            [BSSID] => B8:26:D4:0A:95:C2
            [Channel] => 6
            [ESSID] => RioTel_CUAGLIA_597
            [Encryption] => WPA2
            [Signal] => -45
        )

    [3] => Array
        (
            [BSSID] => E8:AD:A6:0B:08:06
            [Channel] => 1
            [ESSID] => Zeballos -2.4GHz
            [Encryption] => WPA2
            [Signal] => -66
        )

    [4] => Array
        (
            [BSSID] => 48:4B:D4:3E:B5:E0
            [Channel] => 11
            [ESSID] => Personal-5DC
            [Encryption] => WPA2
            [Signal] => -62
        )

    [5] => Array
        (
            [BSSID] => 4A:4B:D4:3E:B5:E4
            [Channel] => 11
            [ESSID] => Personal Wifi Zone
            [Encryption] => OPN
            [Signal] => -64
        )

    [6] => Array
        (
            [BSSID] => B8:26:D4:08:47:B2
            [Channel] => 6
            [ESSID] => 
            [Encryption] => 
            [Signal] => -1
        )

)

INFO - 2024-09-12 01:39:48 --> Datos procesados: Array
(
    [0] => Array
        (
            [BSSID] => 78:45:61:DA:B9:C0
            [Channel] => 1
            [ESSID] => Fibertel Comba 2.4GHz
            [Encryption] => WPA2
            [Signal] => -33
        )

    [1] => Array
        (
            [BSSID] => EA:AD:A6:0B:09:0A
            [Channel] => 1
            [ESSID] => Personal Wifi Zone
            [Encryption] => OPN
            [Signal] => -68
        )

    [2] => Array
        (
            [BSSID] => B8:26:D4:0A:95:C2
            [Channel] => 6
            [ESSID] => RioTel_CUAGLIA_597
            [Encryption] => WPA2
            [Signal] => -45
        )

    [3] => Array
        (
            [BSSID] => E8:AD:A6:0B:08:06
            [Channel] => 1
            [ESSID] => Zeballos -2.4GHz
            [Encryption] => WPA2
            [Signal] => -66
        )

    [4] => Array
        (
            [BSSID] => 48:4B:D4:3E:B5:E0
            [Channel] => 11
            [ESSID] => Personal-5DC
            [Encryption] => WPA2
            [Signal] => -62
        )

    [5] => Array
        (
            [BSSID] => 4A:4B:D4:3E:B5:E4
            [Channel] => 11
            [ESSID] => Personal Wifi Zone
            [Encryption] => OPN
            [Signal] => -64
        )

    [6] => Array
        (
            [BSSID] => B8:26:D4:08:47:B2
            [Channel] => 6
            [ESSID] => 
            [Encryption] => 
            [Signal] => -1
        )

)

ERROR - 2024-09-12 01:39:48 --> Excepción capturada al intentar conectarse a la API: Undefined array key "bssid"
INFO - 2024-09-12 01:39:52 --> Session: Class initialized using 'CodeIgniter\Session\Handlers\FileHandler' driver.
INFO - 2024-09-12 01:39:54 --> Session: Class initialized using 'CodeIgniter\Session\Handlers\FileHandler' driver.
INFO - 2024-09-12 01:39:55 --> Session: Class initialized using 'CodeIgniter\Session\Handlers\FileHandler' driver.
INFO - 2024-09-12 01:39:55 --> Solicitud realizada a la API.
INFO - 2024-09-12 01:39:55 --> Datos recibidos: Array
(
    [0] => Array
        (
            [BSSID] => 78:45:61:DA:B9:C0
            [Channel] => 1
            [ESSID] => Fibertel Comba 2.4GHz
            [Encryption] => WPA2
            [Signal] => -33
        )

    [1] => Array
        (
            [BSSID] => EA:AD:A6:0B:09:0A
            [Channel] => 1
            [ESSID] => Personal Wifi Zone
            [Encryption] => OPN
            [Signal] => -68
        )

    [2] => Array
        (
            [BSSID] => B8:26:D4:0A:95:C2
            [Channel] => 6
            [ESSID] => RioTel_CUAGLIA_597
            [Encryption] => WPA2
            [Signal] => -45
        )

    [3] => Array
        (
            [BSSID] => E8:AD:A6:0B:08:06
            [Channel] => 1
            [ESSID] => Zeballos -2.4GHz
            [Encryption] => WPA2
            [Signal] => -66
        )

    [4] => Array
        (
            [BSSID] => 48:4B:D4:3E:B5:E0
            [Channel] => 11
            [ESSID] => Personal-5DC
            [Encryption] => WPA2
            [Signal] => -62
        )

    [5] => Array
        (
            [BSSID] => 4A:4B:D4:3E:B5:E4
            [Channel] => 11
            [ESSID] => Personal Wifi Zone
            [Encryption] => OPN
            [Signal] => -64
        )

    [6] => Array
        (
            [BSSID] => B8:26:D4:08:47:B2
            [Channel] => 6
            [ESSID] => 
            [Encryption] => 
            [Signal] => -1
        )

)

INFO - 2024-09-12 01:39:55 --> Datos procesados: Array
(
    [0] => Array
        (
            [BSSID] => 78:45:61:DA:B9:C0
            [Channel] => 1
            [ESSID] => Fibertel Comba 2.4GHz
            [Encryption] => WPA2
            [Signal] => -33
        )

    [1] => Array
        (
            [BSSID] => EA:AD:A6:0B:09:0A
            [Channel] => 1
            [ESSID] => Personal Wifi Zone
            [Encryption] => OPN
            [Signal] => -68
        )

    [2] => Array
        (
            [BSSID] => B8:26:D4:0A:95:C2
            [Channel] => 6
            [ESSID] => RioTel_CUAGLIA_597
            [Encryption] => WPA2
            [Signal] => -45
        )

    [3] => Array
        (
            [BSSID] => E8:AD:A6:0B:08:06
            [Channel] => 1
            [ESSID] => Zeballos -2.4GHz
            [Encryption] => WPA2
            [Signal] => -66
        )

    [4] => Array
        (
            [BSSID] => 48:4B:D4:3E:B5:E0
            [Channel] => 11
            [ESSID] => Personal-5DC
            [Encryption] => WPA2
            [Signal] => -62
        )

    [5] => Array
        (
            [BSSID] => 4A:4B:D4:3E:B5:E4
            [Channel] => 11
            [ESSID] => Personal Wifi Zone
            [Encryption] => OPN
            [Signal] => -64
        )

    [6] => Array
        (
            [BSSID] => B8:26:D4:08:47:B2
            [Channel] => 6
            [ESSID] => 
            [Encryption] => 
            [Signal] => -1
        )

)

ERROR - 2024-09-12 01:39:55 --> Excepción capturada al intentar conectarse a la API: Undefined array key "bssid"
INFO - 2024-09-12 02:18:24 --> Session: Class initialized using 'CodeIgniter\Session\Handlers\FileHandler' driver.
ERROR - 2024-09-12 02:18:25 --> Excepción capturada al intentar conectarse a la API: 7 : Failed to connect to 192.168.0.162 port 5000 after 1068 ms: Couldn't connect to server
INFO - 2024-09-12 02:18:35 --> Session: Class initialized using 'CodeIgniter\Session\Handlers\FileHandler' driver.
CRITICAL - 2024-09-12 02:20:37 --> ErrorException: Maximum execution time of 120 seconds exceeded
[Method: GET, Route: network]
in SYSTEMPATH\HTTP\CURLRequest.php on line 690.
 1 [internal function]: CodeIgniter\Debug\Exceptions->shutdownHandler()
INFO - 2024-09-12 02:20:37 --> Session: Class initialized using 'CodeIgniter\Session\Handlers\FileHandler' driver.
INFO - 2024-09-12 02:20:38 --> Solicitud realizada a la API.
INFO - 2024-09-12 02:20:38 --> Datos recibidos: Array
(
    [0] => Array
        (
            [BSSID] => 78:45:61:DA:B9:C0
            [Channel] =>   1
            [ESSID] =>  Fibertel Comba 2.4GHz
            [Encryption] =>  WPA2
            [Signal] =>  -33
        )

    [1] => Array
        (
            [BSSID] => EA:AD:A6:0B:09:0A
            [Channel] =>   1
            [ESSID] =>  Personal Wifi Zone
            [Encryption] =>  OPN
            [Signal] =>  -68
        )

    [2] => Array
        (
            [BSSID] => B8:26:D4:0A:95:C2
            [Channel] =>   6
            [ESSID] =>  RioTel_CUAGLIA_597
            [Encryption] =>  WPA2
            [Signal] =>  -45
        )

    [3] => Array
        (
            [BSSID] => E8:AD:A6:0B:08:06
            [Channel] =>   1
            [ESSID] =>  Zeballos -2.4GHz
            [Encryption] =>  WPA2
            [Signal] =>  -66
        )

    [4] => Array
        (
            [BSSID] => 48:4B:D4:3E:B5:E0
            [Channel] =>  11
            [ESSID] =>  Personal-5DC
            [Encryption] =>  WPA2
            [Signal] =>  -62
        )

    [5] => Array
        (
            [BSSID] => 4A:4B:D4:3E:B5:E4
            [Channel] =>  11
            [ESSID] =>  Personal Wifi Zone
            [Encryption] =>  OPN
            [Signal] =>  -64
        )

    [6] => Array
        (
            [BSSID] => B8:26:D4:08:47:B2
            [Channel] =>   6
            [ESSID] =>  
            [Encryption] =>  
            [Signal] =>   -1
        )

)

ERROR - 2024-09-12 02:20:38 --> Excepción capturada al intentar conectarse a la API: Undefined array key "bssid"
INFO - 2024-09-12 02:20:38 --> Session: Class initialized using 'CodeIgniter\Session\Handlers\FileHandler' driver.
CRITICAL - 2024-09-12 02:20:38 --> Error: Class "App\Controllers\secondary\form\NetworkModel" not found
[Method: GET, Route: network]
in APPPATH\Controllers\secondary\form\Network.php on line 15.
 1 SYSTEMPATH\CodeIgniter.php(933): App\Controllers\secondary\form\Network->index()
 2 SYSTEMPATH\CodeIgniter.php(509): CodeIgniter\CodeIgniter->runController(Object(App\Controllers\secondary\form\Network))
 3 SYSTEMPATH\CodeIgniter.php(355): CodeIgniter\CodeIgniter->handleRequest(null, Object(Config\Cache), false)
 4 SYSTEMPATH\Boot.php(312): CodeIgniter\CodeIgniter->run()
 5 SYSTEMPATH\Boot.php(67): CodeIgniter\Boot::runCodeIgniter(Object(CodeIgniter\CodeIgniter))
 6 FCPATH\index.php(56): CodeIgniter\Boot::bootWeb(Object(Config\Paths))
INFO - 2024-09-12 02:20:38 --> Session: Class initialized using 'CodeIgniter\Session\Handlers\FileHandler' driver.
CRITICAL - 2024-09-12 02:20:38 --> Error: Class "App\Controllers\secondary\form\NetworkModel" not found
[Method: GET, Route: network]
in APPPATH\Controllers\secondary\form\Network.php on line 15.
 1 SYSTEMPATH\CodeIgniter.php(933): App\Controllers\secondary\form\Network->index()
 2 SYSTEMPATH\CodeIgniter.php(509): CodeIgniter\CodeIgniter->runController(Object(App\Controllers\secondary\form\Network))
 3 SYSTEMPATH\CodeIgniter.php(355): CodeIgniter\CodeIgniter->handleRequest(null, Object(Config\Cache), false)
 4 SYSTEMPATH\Boot.php(312): CodeIgniter\CodeIgniter->run()
 5 SYSTEMPATH\Boot.php(67): CodeIgniter\Boot::runCodeIgniter(Object(CodeIgniter\CodeIgniter))
 6 FCPATH\index.php(56): CodeIgniter\Boot::bootWeb(Object(Config\Paths))
INFO - 2024-09-12 02:20:38 --> Session: Class initialized using 'CodeIgniter\Session\Handlers\FileHandler' driver.
CRITICAL - 2024-09-12 02:20:38 --> Error: Class "App\Controllers\secondary\form\NetworkModel" not found
[Method: GET, Route: network]
in APPPATH\Controllers\secondary\form\Network.php on line 15.
 1 SYSTEMPATH\CodeIgniter.php(933): App\Controllers\secondary\form\Network->index()
 2 SYSTEMPATH\CodeIgniter.php(509): CodeIgniter\CodeIgniter->runController(Object(App\Controllers\secondary\form\Network))
 3 SYSTEMPATH\CodeIgniter.php(355): CodeIgniter\CodeIgniter->handleRequest(null, Object(Config\Cache), false)
 4 SYSTEMPATH\Boot.php(312): CodeIgniter\CodeIgniter->run()
 5 SYSTEMPATH\Boot.php(67): CodeIgniter\Boot::runCodeIgniter(Object(CodeIgniter\CodeIgniter))
 6 FCPATH\index.php(56): CodeIgniter\Boot::bootWeb(Object(Config\Paths))
INFO - 2024-09-12 02:20:56 --> Session: Class initialized using 'CodeIgniter\Session\Handlers\FileHandler' driver.
INFO - 2024-09-12 02:20:56 --> Solicitud realizada a la API.
INFO - 2024-09-12 02:20:56 --> Datos recibidos: Array
(
    [0] => Array
        (
            [BSSID] => 78:45:61:DA:B9:C0
            [Channel] =>   1
            [ESSID] =>  Fibertel Comba 2.4GHz
            [Encryption] =>  WPA2
            [Signal] =>  -33
        )

    [1] => Array
        (
            [BSSID] => EA:AD:A6:0B:09:0A
            [Channel] =>   1
            [ESSID] =>  Personal Wifi Zone
            [Encryption] =>  OPN
            [Signal] =>  -68
        )

    [2] => Array
        (
            [BSSID] => B8:26:D4:0A:95:C2
            [Channel] =>   6
            [ESSID] =>  RioTel_CUAGLIA_597
            [Encryption] =>  WPA2
            [Signal] =>  -45
        )

    [3] => Array
        (
            [BSSID] => E8:AD:A6:0B:08:06
            [Channel] =>   1
            [ESSID] =>  Zeballos -2.4GHz
            [Encryption] =>  WPA2
            [Signal] =>  -66
        )

    [4] => Array
        (
            [BSSID] => 48:4B:D4:3E:B5:E0
            [Channel] =>  11
            [ESSID] =>  Personal-5DC
            [Encryption] =>  WPA2
            [Signal] =>  -62
        )

    [5] => Array
        (
            [BSSID] => 4A:4B:D4:3E:B5:E4
            [Channel] =>  11
            [ESSID] =>  Personal Wifi Zone
            [Encryption] =>  OPN
            [Signal] =>  -64
        )

    [6] => Array
        (
            [BSSID] => B8:26:D4:08:47:B2
            [Channel] =>   6
            [ESSID] =>  
            [Encryption] =>  
            [Signal] =>   -1
        )

)

INFO - 2024-09-12 02:20:57 --> Session: Class initialized using 'CodeIgniter\Session\Handlers\FileHandler' driver.
INFO - 2024-09-12 02:20:57 --> Solicitud realizada a la API.
INFO - 2024-09-12 02:20:57 --> Datos recibidos: Array
(
    [0] => Array
        (
            [BSSID] => 78:45:61:DA:B9:C0
            [Channel] =>   1
            [ESSID] =>  Fibertel Comba 2.4GHz
            [Encryption] =>  WPA2
            [Signal] =>  -33
        )

    [1] => Array
        (
            [BSSID] => EA:AD:A6:0B:09:0A
            [Channel] =>   1
            [ESSID] =>  Personal Wifi Zone
            [Encryption] =>  OPN
            [Signal] =>  -68
        )

    [2] => Array
        (
            [BSSID] => B8:26:D4:0A:95:C2
            [Channel] =>   6
            [ESSID] =>  RioTel_CUAGLIA_597
            [Encryption] =>  WPA2
            [Signal] =>  -45
        )

    [3] => Array
        (
            [BSSID] => E8:AD:A6:0B:08:06
            [Channel] =>   1
            [ESSID] =>  Zeballos -2.4GHz
            [Encryption] =>  WPA2
            [Signal] =>  -66
        )

    [4] => Array
        (
            [BSSID] => 48:4B:D4:3E:B5:E0
            [Channel] =>  11
            [ESSID] =>  Personal-5DC
            [Encryption] =>  WPA2
            [Signal] =>  -62
        )

    [5] => Array
        (
            [BSSID] => 4A:4B:D4:3E:B5:E4
            [Channel] =>  11
            [ESSID] =>  Personal Wifi Zone
            [Encryption] =>  OPN
            [Signal] =>  -64
        )

    [6] => Array
        (
            [BSSID] => B8:26:D4:08:47:B2
            [Channel] =>   6
            [ESSID] =>  
            [Encryption] =>  
            [Signal] =>   -1
        )

)

INFO - 2024-09-12 02:20:58 --> Session: Class initialized using 'CodeIgniter\Session\Handlers\FileHandler' driver.
INFO - 2024-09-12 02:20:58 --> Solicitud realizada a la API.
INFO - 2024-09-12 02:20:58 --> Datos recibidos: Array
(
    [0] => Array
        (
            [BSSID] => 78:45:61:DA:B9:C0
            [Channel] =>   1
            [ESSID] =>  Fibertel Comba 2.4GHz
            [Encryption] =>  WPA2
            [Signal] =>  -33
        )

    [1] => Array
        (
            [BSSID] => EA:AD:A6:0B:09:0A
            [Channel] =>   1
            [ESSID] =>  Personal Wifi Zone
            [Encryption] =>  OPN
            [Signal] =>  -68
        )

    [2] => Array
        (
            [BSSID] => B8:26:D4:0A:95:C2
            [Channel] =>   6
            [ESSID] =>  RioTel_CUAGLIA_597
            [Encryption] =>  WPA2
            [Signal] =>  -45
        )

    [3] => Array
        (
            [BSSID] => E8:AD:A6:0B:08:06
            [Channel] =>   1
            [ESSID] =>  Zeballos -2.4GHz
            [Encryption] =>  WPA2
            [Signal] =>  -66
        )

    [4] => Array
        (
            [BSSID] => 48:4B:D4:3E:B5:E0
            [Channel] =>  11
            [ESSID] =>  Personal-5DC
            [Encryption] =>  WPA2
            [Signal] =>  -62
        )

    [5] => Array
        (
            [BSSID] => 4A:4B:D4:3E:B5:E4
            [Channel] =>  11
            [ESSID] =>  Personal Wifi Zone
            [Encryption] =>  OPN
            [Signal] =>  -64
        )

    [6] => Array
        (
            [BSSID] => B8:26:D4:08:47:B2
            [Channel] =>   6
            [ESSID] =>  
            [Encryption] =>  
            [Signal] =>   -1
        )

)

INFO - 2024-09-12 02:20:58 --> Session: Class initialized using 'CodeIgniter\Session\Handlers\FileHandler' driver.
INFO - 2024-09-12 02:20:58 --> Solicitud realizada a la API.
INFO - 2024-09-12 02:20:58 --> Datos recibidos: Array
(
    [0] => Array
        (
            [BSSID] => 78:45:61:DA:B9:C0
            [Channel] =>   1
            [ESSID] =>  Fibertel Comba 2.4GHz
            [Encryption] =>  WPA2
            [Signal] =>  -33
        )

    [1] => Array
        (
            [BSSID] => EA:AD:A6:0B:09:0A
            [Channel] =>   1
            [ESSID] =>  Personal Wifi Zone
            [Encryption] =>  OPN
            [Signal] =>  -68
        )

    [2] => Array
        (
            [BSSID] => B8:26:D4:0A:95:C2
            [Channel] =>   6
            [ESSID] =>  RioTel_CUAGLIA_597
            [Encryption] =>  WPA2
            [Signal] =>  -45
        )

    [3] => Array
        (
            [BSSID] => E8:AD:A6:0B:08:06
            [Channel] =>   1
            [ESSID] =>  Zeballos -2.4GHz
            [Encryption] =>  WPA2
            [Signal] =>  -66
        )

    [4] => Array
        (
            [BSSID] => 48:4B:D4:3E:B5:E0
            [Channel] =>  11
            [ESSID] =>  Personal-5DC
            [Encryption] =>  WPA2
            [Signal] =>  -62
        )

    [5] => Array
        (
            [BSSID] => 4A:4B:D4:3E:B5:E4
            [Channel] =>  11
            [ESSID] =>  Personal Wifi Zone
            [Encryption] =>  OPN
            [Signal] =>  -64
        )

    [6] => Array
        (
            [BSSID] => B8:26:D4:08:47:B2
            [Channel] =>   6
            [ESSID] =>  
            [Encryption] =>  
            [Signal] =>   -1
        )

)

INFO - 2024-09-12 02:20:58 --> Session: Class initialized using 'CodeIgniter\Session\Handlers\FileHandler' driver.
INFO - 2024-09-12 02:20:58 --> Solicitud realizada a la API.
INFO - 2024-09-12 02:20:58 --> Datos recibidos: Array
(
    [0] => Array
        (
            [BSSID] => 78:45:61:DA:B9:C0
            [Channel] =>   1
            [ESSID] =>  Fibertel Comba 2.4GHz
            [Encryption] =>  WPA2
            [Signal] =>  -33
        )

    [1] => Array
        (
            [BSSID] => EA:AD:A6:0B:09:0A
            [Channel] =>   1
            [ESSID] =>  Personal Wifi Zone
            [Encryption] =>  OPN
            [Signal] =>  -68
        )

    [2] => Array
        (
            [BSSID] => B8:26:D4:0A:95:C2
            [Channel] =>   6
            [ESSID] =>  RioTel_CUAGLIA_597
            [Encryption] =>  WPA2
            [Signal] =>  -45
        )

    [3] => Array
        (
            [BSSID] => E8:AD:A6:0B:08:06
            [Channel] =>   1
            [ESSID] =>  Zeballos -2.4GHz
            [Encryption] =>  WPA2
            [Signal] =>  -66
        )

    [4] => Array
        (
            [BSSID] => 48:4B:D4:3E:B5:E0
            [Channel] =>  11
            [ESSID] =>  Personal-5DC
            [Encryption] =>  WPA2
            [Signal] =>  -62
        )

    [5] => Array
        (
            [BSSID] => 4A:4B:D4:3E:B5:E4
            [Channel] =>  11
            [ESSID] =>  Personal Wifi Zone
            [Encryption] =>  OPN
            [Signal] =>  -64
        )

    [6] => Array
        (
            [BSSID] => B8:26:D4:08:47:B2
            [Channel] =>   6
            [ESSID] =>  
            [Encryption] =>  
            [Signal] =>   -1
        )

)

INFO - 2024-09-12 02:20:59 --> Session: Class initialized using 'CodeIgniter\Session\Handlers\FileHandler' driver.
INFO - 2024-09-12 02:20:59 --> Solicitud realizada a la API.
INFO - 2024-09-12 02:20:59 --> Datos recibidos: Array
(
    [0] => Array
        (
            [BSSID] => 78:45:61:DA:B9:C0
            [Channel] =>   1
            [ESSID] =>  Fibertel Comba 2.4GHz
            [Encryption] =>  WPA2
            [Signal] =>  -33
        )

    [1] => Array
        (
            [BSSID] => EA:AD:A6:0B:09:0A
            [Channel] =>   1
            [ESSID] =>  Personal Wifi Zone
            [Encryption] =>  OPN
            [Signal] =>  -68
        )

    [2] => Array
        (
            [BSSID] => B8:26:D4:0A:95:C2
            [Channel] =>   6
            [ESSID] =>  RioTel_CUAGLIA_597
            [Encryption] =>  WPA2
            [Signal] =>  -45
        )

    [3] => Array
        (
            [BSSID] => E8:AD:A6:0B:08:06
            [Channel] =>   1
            [ESSID] =>  Zeballos -2.4GHz
            [Encryption] =>  WPA2
            [Signal] =>  -66
        )

    [4] => Array
        (
            [BSSID] => 48:4B:D4:3E:B5:E0
            [Channel] =>  11
            [ESSID] =>  Personal-5DC
            [Encryption] =>  WPA2
            [Signal] =>  -62
        )

    [5] => Array
        (
            [BSSID] => 4A:4B:D4:3E:B5:E4
            [Channel] =>  11
            [ESSID] =>  Personal Wifi Zone
            [Encryption] =>  OPN
            [Signal] =>  -64
        )

    [6] => Array
        (
            [BSSID] => B8:26:D4:08:47:B2
            [Channel] =>   6
            [ESSID] =>  
            [Encryption] =>  
            [Signal] =>   -1
        )

)

INFO - 2024-09-12 02:21:00 --> Session: Class initialized using 'CodeIgniter\Session\Handlers\FileHandler' driver.
INFO - 2024-09-12 02:21:00 --> Solicitud realizada a la API.
INFO - 2024-09-12 02:21:00 --> Datos recibidos: Array
(
    [0] => Array
        (
            [BSSID] => 78:45:61:DA:B9:C0
            [Channel] =>   1
            [ESSID] =>  Fibertel Comba 2.4GHz
            [Encryption] =>  WPA2
            [Signal] =>  -33
        )

    [1] => Array
        (
            [BSSID] => EA:AD:A6:0B:09:0A
            [Channel] =>   1
            [ESSID] =>  Personal Wifi Zone
            [Encryption] =>  OPN
            [Signal] =>  -68
        )

    [2] => Array
        (
            [BSSID] => B8:26:D4:0A:95:C2
            [Channel] =>   6
            [ESSID] =>  RioTel_CUAGLIA_597
            [Encryption] =>  WPA2
            [Signal] =>  -45
        )

    [3] => Array
        (
            [BSSID] => E8:AD:A6:0B:08:06
            [Channel] =>   1
            [ESSID] =>  Zeballos -2.4GHz
            [Encryption] =>  WPA2
            [Signal] =>  -66
        )

    [4] => Array
        (
            [BSSID] => 48:4B:D4:3E:B5:E0
            [Channel] =>  11
            [ESSID] =>  Personal-5DC
            [Encryption] =>  WPA2
            [Signal] =>  -62
        )

    [5] => Array
        (
            [BSSID] => 4A:4B:D4:3E:B5:E4
            [Channel] =>  11
            [ESSID] =>  Personal Wifi Zone
            [Encryption] =>  OPN
            [Signal] =>  -64
        )

    [6] => Array
        (
            [BSSID] => B8:26:D4:08:47:B2
            [Channel] =>   6
            [ESSID] =>  
            [Encryption] =>  
            [Signal] =>   -1
        )

)

INFO - 2024-09-12 02:21:00 --> Session: Class initialized using 'CodeIgniter\Session\Handlers\FileHandler' driver.
INFO - 2024-09-12 02:21:00 --> Solicitud realizada a la API.
INFO - 2024-09-12 02:21:00 --> Datos recibidos: Array
(
    [0] => Array
        (
            [BSSID] => 78:45:61:DA:B9:C0
            [Channel] =>   1
            [ESSID] =>  Fibertel Comba 2.4GHz
            [Encryption] =>  WPA2
            [Signal] =>  -33
        )

    [1] => Array
        (
            [BSSID] => EA:AD:A6:0B:09:0A
            [Channel] =>   1
            [ESSID] =>  Personal Wifi Zone
            [Encryption] =>  OPN
            [Signal] =>  -68
        )

    [2] => Array
        (
            [BSSID] => B8:26:D4:0A:95:C2
            [Channel] =>   6
            [ESSID] =>  RioTel_CUAGLIA_597
            [Encryption] =>  WPA2
            [Signal] =>  -45
        )

    [3] => Array
        (
            [BSSID] => E8:AD:A6:0B:08:06
            [Channel] =>   1
            [ESSID] =>  Zeballos -2.4GHz
            [Encryption] =>  WPA2
            [Signal] =>  -66
        )

    [4] => Array
        (
            [BSSID] => 48:4B:D4:3E:B5:E0
            [Channel] =>  11
            [ESSID] =>  Personal-5DC
            [Encryption] =>  WPA2
            [Signal] =>  -62
        )

    [5] => Array
        (
            [BSSID] => 4A:4B:D4:3E:B5:E4
            [Channel] =>  11
            [ESSID] =>  Personal Wifi Zone
            [Encryption] =>  OPN
            [Signal] =>  -64
        )

    [6] => Array
        (
            [BSSID] => B8:26:D4:08:47:B2
            [Channel] =>   6
            [ESSID] =>  
            [Encryption] =>  
            [Signal] =>   -1
        )

)

INFO - 2024-09-12 02:21:00 --> Session: Class initialized using 'CodeIgniter\Session\Handlers\FileHandler' driver.
INFO - 2024-09-12 02:21:00 --> Solicitud realizada a la API.
INFO - 2024-09-12 02:21:00 --> Datos recibidos: Array
(
    [0] => Array
        (
            [BSSID] => 78:45:61:DA:B9:C0
            [Channel] =>   1
            [ESSID] =>  Fibertel Comba 2.4GHz
            [Encryption] =>  WPA2
            [Signal] =>  -33
        )

    [1] => Array
        (
            [BSSID] => EA:AD:A6:0B:09:0A
            [Channel] =>   1
            [ESSID] =>  Personal Wifi Zone
            [Encryption] =>  OPN
            [Signal] =>  -68
        )

    [2] => Array
        (
            [BSSID] => B8:26:D4:0A:95:C2
            [Channel] =>   6
            [ESSID] =>  RioTel_CUAGLIA_597
            [Encryption] =>  WPA2
            [Signal] =>  -45
        )

    [3] => Array
        (
            [BSSID] => E8:AD:A6:0B:08:06
            [Channel] =>   1
            [ESSID] =>  Zeballos -2.4GHz
            [Encryption] =>  WPA2
            [Signal] =>  -66
        )

    [4] => Array
        (
            [BSSID] => 48:4B:D4:3E:B5:E0
            [Channel] =>  11
            [ESSID] =>  Personal-5DC
            [Encryption] =>  WPA2
            [Signal] =>  -62
        )

    [5] => Array
        (
            [BSSID] => 4A:4B:D4:3E:B5:E4
            [Channel] =>  11
            [ESSID] =>  Personal Wifi Zone
            [Encryption] =>  OPN
            [Signal] =>  -64
        )

    [6] => Array
        (
            [BSSID] => B8:26:D4:08:47:B2
            [Channel] =>   6
            [ESSID] =>  
            [Encryption] =>  
            [Signal] =>   -1
        )

)

INFO - 2024-09-12 02:21:00 --> Session: Class initialized using 'CodeIgniter\Session\Handlers\FileHandler' driver.
INFO - 2024-09-12 02:21:00 --> Solicitud realizada a la API.
INFO - 2024-09-12 02:21:00 --> Datos recibidos: Array
(
    [0] => Array
        (
            [BSSID] => 78:45:61:DA:B9:C0
            [Channel] =>   1
            [ESSID] =>  Fibertel Comba 2.4GHz
            [Encryption] =>  WPA2
            [Signal] =>  -33
        )

    [1] => Array
        (
            [BSSID] => EA:AD:A6:0B:09:0A
            [Channel] =>   1
            [ESSID] =>  Personal Wifi Zone
            [Encryption] =>  OPN
            [Signal] =>  -68
        )

    [2] => Array
        (
            [BSSID] => B8:26:D4:0A:95:C2
            [Channel] =>   6
            [ESSID] =>  RioTel_CUAGLIA_597
            [Encryption] =>  WPA2
            [Signal] =>  -45
        )

    [3] => Array
        (
            [BSSID] => E8:AD:A6:0B:08:06
            [Channel] =>   1
            [ESSID] =>  Zeballos -2.4GHz
            [Encryption] =>  WPA2
            [Signal] =>  -66
        )

    [4] => Array
        (
            [BSSID] => 48:4B:D4:3E:B5:E0
            [Channel] =>  11
            [ESSID] =>  Personal-5DC
            [Encryption] =>  WPA2
            [Signal] =>  -62
        )

    [5] => Array
        (
            [BSSID] => 4A:4B:D4:3E:B5:E4
            [Channel] =>  11
            [ESSID] =>  Personal Wifi Zone
            [Encryption] =>  OPN
            [Signal] =>  -64
        )

    [6] => Array
        (
            [BSSID] => B8:26:D4:08:47:B2
            [Channel] =>   6
            [ESSID] =>  
            [Encryption] =>  
            [Signal] =>   -1
        )

)

INFO - 2024-09-12 02:21:00 --> Session: Class initialized using 'CodeIgniter\Session\Handlers\FileHandler' driver.
INFO - 2024-09-12 02:21:00 --> Solicitud realizada a la API.
INFO - 2024-09-12 02:21:00 --> Datos recibidos: Array
(
    [0] => Array
        (
            [BSSID] => 78:45:61:DA:B9:C0
            [Channel] =>   1
            [ESSID] =>  Fibertel Comba 2.4GHz
            [Encryption] =>  WPA2
            [Signal] =>  -33
        )

    [1] => Array
        (
            [BSSID] => EA:AD:A6:0B:09:0A
            [Channel] =>   1
            [ESSID] =>  Personal Wifi Zone
            [Encryption] =>  OPN
            [Signal] =>  -68
        )

    [2] => Array
        (
            [BSSID] => B8:26:D4:0A:95:C2
            [Channel] =>   6
            [ESSID] =>  RioTel_CUAGLIA_597
            [Encryption] =>  WPA2
            [Signal] =>  -45
        )

    [3] => Array
        (
            [BSSID] => E8:AD:A6:0B:08:06
            [Channel] =>   1
            [ESSID] =>  Zeballos -2.4GHz
            [Encryption] =>  WPA2
            [Signal] =>  -66
        )

    [4] => Array
        (
            [BSSID] => 48:4B:D4:3E:B5:E0
            [Channel] =>  11
            [ESSID] =>  Personal-5DC
            [Encryption] =>  WPA2
            [Signal] =>  -62
        )

    [5] => Array
        (
            [BSSID] => 4A:4B:D4:3E:B5:E4
            [Channel] =>  11
            [ESSID] =>  Personal Wifi Zone
            [Encryption] =>  OPN
            [Signal] =>  -64
        )

    [6] => Array
        (
            [BSSID] => B8:26:D4:08:47:B2
            [Channel] =>   6
            [ESSID] =>  
            [Encryption] =>  
            [Signal] =>   -1
        )

)

INFO - 2024-09-12 02:23:33 --> Session: Class initialized using 'CodeIgniter\Session\Handlers\FileHandler' driver.
INFO - 2024-09-12 02:23:37 --> Session: Class initialized using 'CodeIgniter\Session\Handlers\FileHandler' driver.
INFO - 2024-09-12 02:23:39 --> Session: Class initialized using 'CodeIgniter\Session\Handlers\FileHandler' driver.
INFO - 2024-09-12 02:23:39 --> Solicitud realizada a la API.
INFO - 2024-09-12 02:23:39 --> Datos recibidos: Array
(
    [0] => Array
        (
            [BSSID] => 78:45:61:DA:B9:C0
            [Channel] =>   1
            [ESSID] =>  Fibertel Comba 2.4GHz
            [Encryption] =>  WPA2
            [Signal] =>  -33
        )

    [1] => Array
        (
            [BSSID] => EA:AD:A6:0B:09:0A
            [Channel] =>   1
            [ESSID] =>  Personal Wifi Zone
            [Encryption] =>  OPN
            [Signal] =>  -68
        )

    [2] => Array
        (
            [BSSID] => B8:26:D4:0A:95:C2
            [Channel] =>   6
            [ESSID] =>  RioTel_CUAGLIA_597
            [Encryption] =>  WPA2
            [Signal] =>  -45
        )

    [3] => Array
        (
            [BSSID] => E8:AD:A6:0B:08:06
            [Channel] =>   1
            [ESSID] =>  Zeballos -2.4GHz
            [Encryption] =>  WPA2
            [Signal] =>  -66
        )

    [4] => Array
        (
            [BSSID] => 48:4B:D4:3E:B5:E0
            [Channel] =>  11
            [ESSID] =>  Personal-5DC
            [Encryption] =>  WPA2
            [Signal] =>  -62
        )

    [5] => Array
        (
            [BSSID] => 4A:4B:D4:3E:B5:E4
            [Channel] =>  11
            [ESSID] =>  Personal Wifi Zone
            [Encryption] =>  OPN
            [Signal] =>  -64
        )

    [6] => Array
        (
            [BSSID] => B8:26:D4:08:47:B2
            [Channel] =>   6
            [ESSID] =>  
            [Encryption] =>  
            [Signal] =>   -1
        )

)

INFO - 2024-09-12 02:23:46 --> Session: Class initialized using 'CodeIgniter\Session\Handlers\FileHandler' driver.
INFO - 2024-09-12 02:23:46 --> Solicitud realizada a la API.
INFO - 2024-09-12 02:23:46 --> Datos recibidos: Array
(
    [0] => Array
        (
            [BSSID] => 78:45:61:DA:B9:C0
            [Channel] =>   1
            [ESSID] =>  Fibertel Comba 2.4GHz
            [Encryption] =>  WPA2
            [Signal] =>  -33
        )

    [1] => Array
        (
            [BSSID] => EA:AD:A6:0B:09:0A
            [Channel] =>   1
            [ESSID] =>  Personal Wifi Zone
            [Encryption] =>  OPN
            [Signal] =>  -68
        )

    [2] => Array
        (
            [BSSID] => B8:26:D4:0A:95:C2
            [Channel] =>   6
            [ESSID] =>  RioTel_CUAGLIA_597
            [Encryption] =>  WPA2
            [Signal] =>  -45
        )

    [3] => Array
        (
            [BSSID] => E8:AD:A6:0B:08:06
            [Channel] =>   1
            [ESSID] =>  Zeballos -2.4GHz
            [Encryption] =>  WPA2
            [Signal] =>  -66
        )

    [4] => Array
        (
            [BSSID] => 48:4B:D4:3E:B5:E0
            [Channel] =>  11
            [ESSID] =>  Personal-5DC
            [Encryption] =>  WPA2
            [Signal] =>  -62
        )

    [5] => Array
        (
            [BSSID] => 4A:4B:D4:3E:B5:E4
            [Channel] =>  11
            [ESSID] =>  Personal Wifi Zone
            [Encryption] =>  OPN
            [Signal] =>  -64
        )

    [6] => Array
        (
            [BSSID] => B8:26:D4:08:47:B2
            [Channel] =>   6
            [ESSID] =>  
            [Encryption] =>  
            [Signal] =>   -1
        )

)

INFO - 2024-09-12 02:23:47 --> Session: Class initialized using 'CodeIgniter\Session\Handlers\FileHandler' driver.
INFO - 2024-09-12 02:23:47 --> Solicitud realizada a la API.
INFO - 2024-09-12 02:23:47 --> Datos recibidos: Array
(
    [0] => Array
        (
            [BSSID] => 78:45:61:DA:B9:C0
            [Channel] =>   1
            [ESSID] =>  Fibertel Comba 2.4GHz
            [Encryption] =>  WPA2
            [Signal] =>  -33
        )

    [1] => Array
        (
            [BSSID] => EA:AD:A6:0B:09:0A
            [Channel] =>   1
            [ESSID] =>  Personal Wifi Zone
            [Encryption] =>  OPN
            [Signal] =>  -68
        )

    [2] => Array
        (
            [BSSID] => B8:26:D4:0A:95:C2
            [Channel] =>   6
            [ESSID] =>  RioTel_CUAGLIA_597
            [Encryption] =>  WPA2
            [Signal] =>  -45
        )

    [3] => Array
        (
            [BSSID] => E8:AD:A6:0B:08:06
            [Channel] =>   1
            [ESSID] =>  Zeballos -2.4GHz
            [Encryption] =>  WPA2
            [Signal] =>  -66
        )

    [4] => Array
        (
            [BSSID] => 48:4B:D4:3E:B5:E0
            [Channel] =>  11
            [ESSID] =>  Personal-5DC
            [Encryption] =>  WPA2
            [Signal] =>  -62
        )

    [5] => Array
        (
            [BSSID] => 4A:4B:D4:3E:B5:E4
            [Channel] =>  11
            [ESSID] =>  Personal Wifi Zone
            [Encryption] =>  OPN
            [Signal] =>  -64
        )

    [6] => Array
        (
            [BSSID] => B8:26:D4:08:47:B2
            [Channel] =>   6
            [ESSID] =>  
            [Encryption] =>  
            [Signal] =>   -1
        )

)

