INFO - 2024-08-28 00:15:48 --> Session: Class initialized using 'CodeIgniter\Session\Handlers\FileHandler' driver.
INFO - 2024-08-28 00:15:48 --> Session: Class initialized using 'CodeIgniter\Session\Handlers\FileHandler' driver.
INFO - 2024-08-28 00:15:49 --> Session: Class initialized using 'CodeIgniter\Session\Handlers\FileHandler' driver.
INFO - 2024-08-28 00:15:53 --> Session: Class initialized using 'CodeIgniter\Session\Handlers\FileHandler' driver.
INFO - 2024-08-28 00:16:02 --> Session: Class initialized using 'CodeIgniter\Session\Handlers\FileHandler' driver.
INFO - 2024-08-28 00:19:02 --> Session: Class initialized using 'CodeIgniter\Session\Handlers\FileHandler' driver.
INFO - 2024-08-28 00:19:04 --> Session: Class initialized using 'CodeIgniter\Session\Handlers\FileHandler' driver.
INFO - 2024-08-28 00:19:10 --> Session: Class initialized using 'CodeIgniter\Session\Handlers\FileHandler' driver.
INFO - 2024-08-28 00:19:10 --> Session: Class initialized using 'CodeIgniter\Session\Handlers\FileHandler' driver.
INFO - 2024-08-28 00:19:12 --> Session: Class initialized using 'CodeIgniter\Session\Handlers\FileHandler' driver.
INFO - 2024-08-28 00:20:08 --> Session: Class initialized using 'CodeIgniter\Session\Handlers\FileHandler' driver.
INFO - 2024-08-28 00:20:09 --> Session: Class initialized using 'CodeIgniter\Session\Handlers\FileHandler' driver.
ERROR - 2024-08-28 00:20:10 --> Excepción capturada al intentar conectarse a la API: 7 : Failed to connect to 192.168.0.164 port 5000 after 1029 ms: Couldn't connect to server
INFO - 2024-08-28 00:20:19 --> Session: Class initialized using 'CodeIgniter\Session\Handlers\FileHandler' driver.
INFO - 2024-08-28 00:20:19 --> Solicitud realizada a la API.
INFO - 2024-08-28 00:20:19 --> Datos recibidos: Array
(
    [0] => Array
        (
            [bssid] => 78:45:61:DA:B9:C0
            [channel] => 11
            [encryption] => WPA2
            [essid] => Fibertel Comba 2.4GHz
            [signal] => -40
        )

    [1] => Array
        (
            [bssid] => 34:12:98:AB:CD:12
            [channel] => 6
            [encryption] => WPA2
            [essid] => Home Network
            [signal] => -50
        )

    [2] => Array
        (
            [bssid] => 56:EF:12:34:78:90
            [channel] => 1
            [encryption] => WPA
            [essid] => Guest_WiFi
            [signal] => -60
        )

    [3] => Array
        (
            [bssid] => 12:34:56:78:90:AB
            [channel] => 36
            [encryption] => WPA2
            [essid] => Office_WLAN
            [signal] => -30
        )

    [4] => Array
        (
            [bssid] => 98:76:54:32:10:FF
            [channel] => 44
            [encryption] => Open
            [essid] => Public_Hotspot
            [signal] => -70
        )

)

INFO - 2024-08-28 00:20:19 --> Datos procesados: Array
(
    [0] => Array
        (
            [bssid] => 78:45:61:DA:B9:C0
            [channel] => 11
            [encryption] => WPA2
            [essid] => Fibertel Comba 2.4GHz
            [signal] => -40
        )

    [1] => Array
        (
            [bssid] => 34:12:98:AB:CD:12
            [channel] => 6
            [encryption] => WPA2
            [essid] => Home Network
            [signal] => -50
        )

    [2] => Array
        (
            [bssid] => 56:EF:12:34:78:90
            [channel] => 1
            [encryption] => WPA
            [essid] => Guest_WiFi
            [signal] => -60
        )

    [3] => Array
        (
            [bssid] => 12:34:56:78:90:AB
            [channel] => 36
            [encryption] => WPA2
            [essid] => Office_WLAN
            [signal] => -30
        )

    [4] => Array
        (
            [bssid] => 98:76:54:32:10:FF
            [channel] => 44
            [encryption] => Open
            [essid] => Public_Hotspot
            [signal] => -70
        )

)

INFO - 2024-08-28 00:20:27 --> Session: Class initialized using 'CodeIgniter\Session\Handlers\FileHandler' driver.
INFO - 2024-08-28 00:20:27 --> Solicitud realizada a la API.
INFO - 2024-08-28 00:20:27 --> Datos recibidos: Array
(
    [0] => Array
        (
            [bssid] => 78:45:61:DA:B9:C0
            [channel] => 11
            [encryption] => WPA2
            [essid] => Fibertel Comba 2.4GHz
            [signal] => -40
        )

    [1] => Array
        (
            [bssid] => 34:12:98:AB:CD:12
            [channel] => 6
            [encryption] => WPA2
            [essid] => Home Network
            [signal] => -50
        )

    [2] => Array
        (
            [bssid] => 56:EF:12:34:78:90
            [channel] => 1
            [encryption] => WPA
            [essid] => Guest_WiFi
            [signal] => -60
        )

    [3] => Array
        (
            [bssid] => 12:34:56:78:90:AB
            [channel] => 36
            [encryption] => WPA2
            [essid] => Office_WLAN
            [signal] => -30
        )

    [4] => Array
        (
            [bssid] => 98:76:54:32:10:FF
            [channel] => 44
            [encryption] => Open
            [essid] => Public_Hotspot
            [signal] => -70
        )

)

INFO - 2024-08-28 00:20:27 --> Datos procesados: Array
(
    [0] => Array
        (
            [bssid] => 78:45:61:DA:B9:C0
            [channel] => 11
            [encryption] => WPA2
            [essid] => Fibertel Comba 2.4GHz
            [signal] => -40
        )

    [1] => Array
        (
            [bssid] => 34:12:98:AB:CD:12
            [channel] => 6
            [encryption] => WPA2
            [essid] => Home Network
            [signal] => -50
        )

    [2] => Array
        (
            [bssid] => 56:EF:12:34:78:90
            [channel] => 1
            [encryption] => WPA
            [essid] => Guest_WiFi
            [signal] => -60
        )

    [3] => Array
        (
            [bssid] => 12:34:56:78:90:AB
            [channel] => 36
            [encryption] => WPA2
            [essid] => Office_WLAN
            [signal] => -30
        )

    [4] => Array
        (
            [bssid] => 98:76:54:32:10:FF
            [channel] => 44
            [encryption] => Open
            [essid] => Public_Hotspot
            [signal] => -70
        )

)

INFO - 2024-08-28 00:20:28 --> Session: Class initialized using 'CodeIgniter\Session\Handlers\FileHandler' driver.
INFO - 2024-08-28 00:20:28 --> Solicitud realizada a la API.
INFO - 2024-08-28 00:20:28 --> Datos recibidos: Array
(
    [0] => Array
        (
            [bssid] => 78:45:61:DA:B9:C0
            [channel] => 11
            [encryption] => WPA2
            [essid] => Fibertel Comba 2.4GHz
            [signal] => -40
        )

    [1] => Array
        (
            [bssid] => 34:12:98:AB:CD:12
            [channel] => 6
            [encryption] => WPA2
            [essid] => Home Network
            [signal] => -50
        )

    [2] => Array
        (
            [bssid] => 56:EF:12:34:78:90
            [channel] => 1
            [encryption] => WPA
            [essid] => Guest_WiFi
            [signal] => -60
        )

    [3] => Array
        (
            [bssid] => 12:34:56:78:90:AB
            [channel] => 36
            [encryption] => WPA2
            [essid] => Office_WLAN
            [signal] => -30
        )

    [4] => Array
        (
            [bssid] => 98:76:54:32:10:FF
            [channel] => 44
            [encryption] => Open
            [essid] => Public_Hotspot
            [signal] => -70
        )

)

INFO - 2024-08-28 00:20:28 --> Datos procesados: Array
(
    [0] => Array
        (
            [bssid] => 78:45:61:DA:B9:C0
            [channel] => 11
            [encryption] => WPA2
            [essid] => Fibertel Comba 2.4GHz
            [signal] => -40
        )

    [1] => Array
        (
            [bssid] => 34:12:98:AB:CD:12
            [channel] => 6
            [encryption] => WPA2
            [essid] => Home Network
            [signal] => -50
        )

    [2] => Array
        (
            [bssid] => 56:EF:12:34:78:90
            [channel] => 1
            [encryption] => WPA
            [essid] => Guest_WiFi
            [signal] => -60
        )

    [3] => Array
        (
            [bssid] => 12:34:56:78:90:AB
            [channel] => 36
            [encryption] => WPA2
            [essid] => Office_WLAN
            [signal] => -30
        )

    [4] => Array
        (
            [bssid] => 98:76:54:32:10:FF
            [channel] => 44
            [encryption] => Open
            [essid] => Public_Hotspot
            [signal] => -70
        )

)

INFO - 2024-08-28 00:20:28 --> Session: Class initialized using 'CodeIgniter\Session\Handlers\FileHandler' driver.
INFO - 2024-08-28 00:20:28 --> Solicitud realizada a la API.
INFO - 2024-08-28 00:20:28 --> Datos recibidos: Array
(
    [0] => Array
        (
            [bssid] => 78:45:61:DA:B9:C0
            [channel] => 11
            [encryption] => WPA2
            [essid] => Fibertel Comba 2.4GHz
            [signal] => -40
        )

    [1] => Array
        (
            [bssid] => 34:12:98:AB:CD:12
            [channel] => 6
            [encryption] => WPA2
            [essid] => Home Network
            [signal] => -50
        )

    [2] => Array
        (
            [bssid] => 56:EF:12:34:78:90
            [channel] => 1
            [encryption] => WPA
            [essid] => Guest_WiFi
            [signal] => -60
        )

    [3] => Array
        (
            [bssid] => 12:34:56:78:90:AB
            [channel] => 36
            [encryption] => WPA2
            [essid] => Office_WLAN
            [signal] => -30
        )

    [4] => Array
        (
            [bssid] => 98:76:54:32:10:FF
            [channel] => 44
            [encryption] => Open
            [essid] => Public_Hotspot
            [signal] => -70
        )

)

INFO - 2024-08-28 00:20:28 --> Datos procesados: Array
(
    [0] => Array
        (
            [bssid] => 78:45:61:DA:B9:C0
            [channel] => 11
            [encryption] => WPA2
            [essid] => Fibertel Comba 2.4GHz
            [signal] => -40
        )

    [1] => Array
        (
            [bssid] => 34:12:98:AB:CD:12
            [channel] => 6
            [encryption] => WPA2
            [essid] => Home Network
            [signal] => -50
        )

    [2] => Array
        (
            [bssid] => 56:EF:12:34:78:90
            [channel] => 1
            [encryption] => WPA
            [essid] => Guest_WiFi
            [signal] => -60
        )

    [3] => Array
        (
            [bssid] => 12:34:56:78:90:AB
            [channel] => 36
            [encryption] => WPA2
            [essid] => Office_WLAN
            [signal] => -30
        )

    [4] => Array
        (
            [bssid] => 98:76:54:32:10:FF
            [channel] => 44
            [encryption] => Open
            [essid] => Public_Hotspot
            [signal] => -70
        )

)

INFO - 2024-08-28 00:20:28 --> Session: Class initialized using 'CodeIgniter\Session\Handlers\FileHandler' driver.
INFO - 2024-08-28 00:20:28 --> Solicitud realizada a la API.
INFO - 2024-08-28 00:20:28 --> Datos recibidos: Array
(
    [0] => Array
        (
            [bssid] => 78:45:61:DA:B9:C0
            [channel] => 11
            [encryption] => WPA2
            [essid] => Fibertel Comba 2.4GHz
            [signal] => -40
        )

    [1] => Array
        (
            [bssid] => 34:12:98:AB:CD:12
            [channel] => 6
            [encryption] => WPA2
            [essid] => Home Network
            [signal] => -50
        )

    [2] => Array
        (
            [bssid] => 56:EF:12:34:78:90
            [channel] => 1
            [encryption] => WPA
            [essid] => Guest_WiFi
            [signal] => -60
        )

    [3] => Array
        (
            [bssid] => 12:34:56:78:90:AB
            [channel] => 36
            [encryption] => WPA2
            [essid] => Office_WLAN
            [signal] => -30
        )

    [4] => Array
        (
            [bssid] => 98:76:54:32:10:FF
            [channel] => 44
            [encryption] => Open
            [essid] => Public_Hotspot
            [signal] => -70
        )

)

INFO - 2024-08-28 00:20:28 --> Datos procesados: Array
(
    [0] => Array
        (
            [bssid] => 78:45:61:DA:B9:C0
            [channel] => 11
            [encryption] => WPA2
            [essid] => Fibertel Comba 2.4GHz
            [signal] => -40
        )

    [1] => Array
        (
            [bssid] => 34:12:98:AB:CD:12
            [channel] => 6
            [encryption] => WPA2
            [essid] => Home Network
            [signal] => -50
        )

    [2] => Array
        (
            [bssid] => 56:EF:12:34:78:90
            [channel] => 1
            [encryption] => WPA
            [essid] => Guest_WiFi
            [signal] => -60
        )

    [3] => Array
        (
            [bssid] => 12:34:56:78:90:AB
            [channel] => 36
            [encryption] => WPA2
            [essid] => Office_WLAN
            [signal] => -30
        )

    [4] => Array
        (
            [bssid] => 98:76:54:32:10:FF
            [channel] => 44
            [encryption] => Open
            [essid] => Public_Hotspot
            [signal] => -70
        )

)

INFO - 2024-08-28 00:20:28 --> Session: Class initialized using 'CodeIgniter\Session\Handlers\FileHandler' driver.
INFO - 2024-08-28 00:20:28 --> Solicitud realizada a la API.
INFO - 2024-08-28 00:20:28 --> Datos recibidos: Array
(
    [0] => Array
        (
            [bssid] => 78:45:61:DA:B9:C0
            [channel] => 11
            [encryption] => WPA2
            [essid] => Fibertel Comba 2.4GHz
            [signal] => -40
        )

    [1] => Array
        (
            [bssid] => 34:12:98:AB:CD:12
            [channel] => 6
            [encryption] => WPA2
            [essid] => Home Network
            [signal] => -50
        )

    [2] => Array
        (
            [bssid] => 56:EF:12:34:78:90
            [channel] => 1
            [encryption] => WPA
            [essid] => Guest_WiFi
            [signal] => -60
        )

    [3] => Array
        (
            [bssid] => 12:34:56:78:90:AB
            [channel] => 36
            [encryption] => WPA2
            [essid] => Office_WLAN
            [signal] => -30
        )

    [4] => Array
        (
            [bssid] => 98:76:54:32:10:FF
            [channel] => 44
            [encryption] => Open
            [essid] => Public_Hotspot
            [signal] => -70
        )

)

INFO - 2024-08-28 00:20:28 --> Datos procesados: Array
(
    [0] => Array
        (
            [bssid] => 78:45:61:DA:B9:C0
            [channel] => 11
            [encryption] => WPA2
            [essid] => Fibertel Comba 2.4GHz
            [signal] => -40
        )

    [1] => Array
        (
            [bssid] => 34:12:98:AB:CD:12
            [channel] => 6
            [encryption] => WPA2
            [essid] => Home Network
            [signal] => -50
        )

    [2] => Array
        (
            [bssid] => 56:EF:12:34:78:90
            [channel] => 1
            [encryption] => WPA
            [essid] => Guest_WiFi
            [signal] => -60
        )

    [3] => Array
        (
            [bssid] => 12:34:56:78:90:AB
            [channel] => 36
            [encryption] => WPA2
            [essid] => Office_WLAN
            [signal] => -30
        )

    [4] => Array
        (
            [bssid] => 98:76:54:32:10:FF
            [channel] => 44
            [encryption] => Open
            [essid] => Public_Hotspot
            [signal] => -70
        )

)

INFO - 2024-08-28 00:26:40 --> Session: Class initialized using 'CodeIgniter\Session\Handlers\FileHandler' driver.
INFO - 2024-08-28 00:26:42 --> Session: Class initialized using 'CodeIgniter\Session\Handlers\FileHandler' driver.
INFO - 2024-08-28 00:26:43 --> Session: Class initialized using 'CodeIgniter\Session\Handlers\FileHandler' driver.
INFO - 2024-08-28 00:27:22 --> Session: Class initialized using 'CodeIgniter\Session\Handlers\FileHandler' driver.
INFO - 2024-08-28 00:27:23 --> Session: Class initialized using 'CodeIgniter\Session\Handlers\FileHandler' driver.
ERROR - 2024-08-28 01:15:31 --> mysqli_sql_exception: Unknown column 'network.id_security_type' in 'on clause' in C:\xampp\htdocs\NVS\system\Database\MySQLi\Connection.php:308
Stack trace:
#0 C:\xampp\htdocs\NVS\system\Database\MySQLi\Connection.php(308): mysqli->query('SELECT `scan`.*...', 0)
#1 C:\xampp\htdocs\NVS\system\Database\BaseConnection.php(722): CodeIgniter\Database\MySQLi\Connection->execute('SELECT `scan`.*...')
#2 C:\xampp\htdocs\NVS\system\Database\BaseConnection.php(636): CodeIgniter\Database\BaseConnection->simpleQuery('SELECT `scan`.*...')
#3 C:\xampp\htdocs\NVS\system\Database\BaseBuilder.php(1629): CodeIgniter\Database\BaseConnection->query('SELECT `scan`.*...', Array, false)
#4 C:\xampp\htdocs\NVS\app\Models\secondary\form\ScanModel.php(31): CodeIgniter\Database\BaseBuilder->get()
#5 C:\xampp\htdocs\NVS\app\Controllers\secondary\profile\History.php(22): App\Models\secondary\form\ScanModel->getScanDetailsByUser('1')
#6 C:\xampp\htdocs\NVS\system\CodeIgniter.php(933): App\Controllers\secondary\profile\History->history()
#7 C:\xampp\htdocs\NVS\system\CodeIgniter.php(509): CodeIgniter\CodeIgniter->runController(Object(App\Controllers\secondary\profile\History))
#8 C:\xampp\htdocs\NVS\system\CodeIgniter.php(355): CodeIgniter\CodeIgniter->handleRequest(NULL, Object(Config\Cache), false)
#9 C:\xampp\htdocs\NVS\system\Boot.php(312): CodeIgniter\CodeIgniter->run()
#10 C:\xampp\htdocs\NVS\system\Boot.php(67): CodeIgniter\Boot::runCodeIgniter(Object(CodeIgniter\CodeIgniter))
#11 C:\xampp\htdocs\NVS\public\index.php(56): CodeIgniter\Boot::bootWeb(Object(Config\Paths))
#12 {main}
CRITICAL - 2024-08-28 01:15:31 --> CodeIgniter\Database\Exceptions\DatabaseException: Unknown column 'network.id_security_type' in 'on clause'
[Method: GET, Route: history]
in SYSTEMPATH\Database\BaseConnection.php on line 676.
 1 SYSTEMPATH\Database\BaseBuilder.php(1629): CodeIgniter\Database\BaseConnection->query('SELECT `scan`.*, `users`.`name` AS `user_name`, `network`.`signal`, `network`.`essid`, `network`.`bssid`, `security_type`.`type` AS `security_type`, `devices`.`ip_address`, `devices`.`operating_system`, `devices`.`mac_address`, `ports`.`port_name`, `ports`.`service`, `ports`.`protocol`, `port_status`.`open`, `port_status`.`close`, `port_status`.`filtered`, `solution`.`solution`, `solution`.`vulnerability_code`, `solution`.`vuln_description`, `network`.`channel`
FROM `scan`
JOIN `users` ON `users`.`id_user` = `scan`.`id_user`
JOIN `network` ON `network`.`id_network` = `scan`.`id_network`
JOIN `security_type` ON `security_type`.`id_security_type` = `network`.`id_security_type`
JOIN `scan_details` ON `scan_details`.`id_scan` = `scan`.`id_scan`
JOIN `devices` ON `devices`.`id_devices` = `scan_details`.`id_devices`
JOIN `port_analysis` ON `port_analysis`.`id_devices` = `devices`.`id_devices`
JOIN `ports` ON `ports`.`id_port` = `port_analysis`.`id_port`
JOIN `port_status` ON `port_status`.`id_port_status` = `ports`.`id_port_status`
JOIN `solution` ON `solution`.`id_solution` = `scan_details`.`id_solution`
WHERE `scan`.`id_user` = :scan.id_user:', [...], false)
 2 APPPATH\Models\secondary\form\ScanModel.php(31): CodeIgniter\Database\BaseBuilder->get()
 3 APPPATH\Controllers\secondary\profile\History.php(22): App\Models\secondary\form\ScanModel->getScanDetailsByUser('1')
 4 SYSTEMPATH\CodeIgniter.php(933): App\Controllers\secondary\profile\History->history()
 5 SYSTEMPATH\CodeIgniter.php(509): CodeIgniter\CodeIgniter->runController(Object(App\Controllers\secondary\profile\History))
 6 SYSTEMPATH\CodeIgniter.php(355): CodeIgniter\CodeIgniter->handleRequest(null, Object(Config\Cache), false)
 7 SYSTEMPATH\Boot.php(312): CodeIgniter\CodeIgniter->run()
 8 SYSTEMPATH\Boot.php(67): CodeIgniter\Boot::runCodeIgniter(Object(CodeIgniter\CodeIgniter))
 9 FCPATH\index.php(56): CodeIgniter\Boot::bootWeb(Object(Config\Paths))
CRITICAL - 2024-08-28 01:15:31 --> [Caused by] CodeIgniter\Database\Exceptions\DatabaseException: Unknown column 'network.id_security_type' in 'on clause'
in SYSTEMPATH\Database\MySQLi\Connection.php on line 313.
 1 SYSTEMPATH\Database\BaseConnection.php(722): CodeIgniter\Database\MySQLi\Connection->execute('SELECT `scan`.*, `users`.`name` AS `user_name`, `network`.`signal`, `network`.`essid`, `network`.`bssid`, `security_type`.`type` AS `security_type`, `devices`.`ip_address`, `devices`.`operating_system`, `devices`.`mac_address`, `ports`.`port_name`, `ports`.`service`, `ports`.`protocol`, `port_status`.`open`, `port_status`.`close`, `port_status`.`filtered`, `solution`.`solution`, `solution`.`vulnerability_code`, `solution`.`vuln_description`, `network`.`channel`
FROM `scan`
JOIN `users` ON `users`.`id_user` = `scan`.`id_user`
JOIN `network` ON `network`.`id_network` = `scan`.`id_network`
JOIN `security_type` ON `security_type`.`id_security_type` = `network`.`id_security_type`
JOIN `scan_details` ON `scan_details`.`id_scan` = `scan`.`id_scan`
JOIN `devices` ON `devices`.`id_devices` = `scan_details`.`id_devices`
JOIN `port_analysis` ON `port_analysis`.`id_devices` = `devices`.`id_devices`
JOIN `ports` ON `ports`.`id_port` = `port_analysis`.`id_port`
JOIN `port_status` ON `port_status`.`id_port_status` = `ports`.`id_port_status`
JOIN `solution` ON `solution`.`id_solution` = `scan_details`.`id_solution`
WHERE `scan`.`id_user` = \'1\'')
 2 SYSTEMPATH\Database\BaseConnection.php(636): CodeIgniter\Database\BaseConnection->simpleQuery('SELECT `scan`.*, `users`.`name` AS `user_name`, `network`.`signal`, `network`.`essid`, `network`.`bssid`, `security_type`.`type` AS `security_type`, `devices`.`ip_address`, `devices`.`operating_system`, `devices`.`mac_address`, `ports`.`port_name`, `ports`.`service`, `ports`.`protocol`, `port_status`.`open`, `port_status`.`close`, `port_status`.`filtered`, `solution`.`solution`, `solution`.`vulnerability_code`, `solution`.`vuln_description`, `network`.`channel`
FROM `scan`
JOIN `users` ON `users`.`id_user` = `scan`.`id_user`
JOIN `network` ON `network`.`id_network` = `scan`.`id_network`
JOIN `security_type` ON `security_type`.`id_security_type` = `network`.`id_security_type`
JOIN `scan_details` ON `scan_details`.`id_scan` = `scan`.`id_scan`
JOIN `devices` ON `devices`.`id_devices` = `scan_details`.`id_devices`
JOIN `port_analysis` ON `port_analysis`.`id_devices` = `devices`.`id_devices`
JOIN `ports` ON `ports`.`id_port` = `port_analysis`.`id_port`
JOIN `port_status` ON `port_status`.`id_port_status` = `ports`.`id_port_status`
JOIN `solution` ON `solution`.`id_solution` = `scan_details`.`id_solution`
WHERE `scan`.`id_user` = \'1\'')
 3 SYSTEMPATH\Database\BaseBuilder.php(1629): CodeIgniter\Database\BaseConnection->query('SELECT `scan`.*, `users`.`name` AS `user_name`, `network`.`signal`, `network`.`essid`, `network`.`bssid`, `security_type`.`type` AS `security_type`, `devices`.`ip_address`, `devices`.`operating_system`, `devices`.`mac_address`, `ports`.`port_name`, `ports`.`service`, `ports`.`protocol`, `port_status`.`open`, `port_status`.`close`, `port_status`.`filtered`, `solution`.`solution`, `solution`.`vulnerability_code`, `solution`.`vuln_description`, `network`.`channel`
FROM `scan`
JOIN `users` ON `users`.`id_user` = `scan`.`id_user`
JOIN `network` ON `network`.`id_network` = `scan`.`id_network`
JOIN `security_type` ON `security_type`.`id_security_type` = `network`.`id_security_type`
JOIN `scan_details` ON `scan_details`.`id_scan` = `scan`.`id_scan`
JOIN `devices` ON `devices`.`id_devices` = `scan_details`.`id_devices`
JOIN `port_analysis` ON `port_analysis`.`id_devices` = `devices`.`id_devices`
JOIN `ports` ON `ports`.`id_port` = `port_analysis`.`id_port`
JOIN `port_status` ON `port_status`.`id_port_status` = `ports`.`id_port_status`
JOIN `solution` ON `solution`.`id_solution` = `scan_details`.`id_solution`
WHERE `scan`.`id_user` = :scan.id_user:', [...], false)
 4 APPPATH\Models\secondary\form\ScanModel.php(31): CodeIgniter\Database\BaseBuilder->get()
 5 APPPATH\Controllers\secondary\profile\History.php(22): App\Models\secondary\form\ScanModel->getScanDetailsByUser('1')
 6 SYSTEMPATH\CodeIgniter.php(933): App\Controllers\secondary\profile\History->history()
 7 SYSTEMPATH\CodeIgniter.php(509): CodeIgniter\CodeIgniter->runController(Object(App\Controllers\secondary\profile\History))
 8 SYSTEMPATH\CodeIgniter.php(355): CodeIgniter\CodeIgniter->handleRequest(null, Object(Config\Cache), false)
 9 SYSTEMPATH\Boot.php(312): CodeIgniter\CodeIgniter->run()
10 SYSTEMPATH\Boot.php(67): CodeIgniter\Boot::runCodeIgniter(Object(CodeIgniter\CodeIgniter))
11 FCPATH\index.php(56): CodeIgniter\Boot::bootWeb(Object(Config\Paths))
CRITICAL - 2024-08-28 01:15:31 --> [Caused by] mysqli_sql_exception: Unknown column 'network.id_security_type' in 'on clause'
in SYSTEMPATH\Database\MySQLi\Connection.php on line 308.
 1 SYSTEMPATH\Database\MySQLi\Connection.php(308): mysqli->query('SELECT `scan`.*, `users`.`name` AS `user_name`, `network`.`signal`, `network`.`essid`, `network`.`bssid`, `security_type`.`type` AS `security_type`, `devices`.`ip_address`, `devices`.`operating_system`, `devices`.`mac_address`, `ports`.`port_name`, `ports`.`service`, `ports`.`protocol`, `port_status`.`open`, `port_status`.`close`, `port_status`.`filtered`, `solution`.`solution`, `solution`.`vulnerability_code`, `solution`.`vuln_description`, `network`.`channel`
FROM `scan`
JOIN `users` ON `users`.`id_user` = `scan`.`id_user`
JOIN `network` ON `network`.`id_network` = `scan`.`id_network`
JOIN `security_type` ON `security_type`.`id_security_type` = `network`.`id_security_type`
JOIN `scan_details` ON `scan_details`.`id_scan` = `scan`.`id_scan`
JOIN `devices` ON `devices`.`id_devices` = `scan_details`.`id_devices`
JOIN `port_analysis` ON `port_analysis`.`id_devices` = `devices`.`id_devices`
JOIN `ports` ON `ports`.`id_port` = `port_analysis`.`id_port`
JOIN `port_status` ON `port_status`.`id_port_status` = `ports`.`id_port_status`
JOIN `solution` ON `solution`.`id_solution` = `scan_details`.`id_solution`
WHERE `scan`.`id_user` = \'1\'', 0)
 2 SYSTEMPATH\Database\BaseConnection.php(722): CodeIgniter\Database\MySQLi\Connection->execute('SELECT `scan`.*, `users`.`name` AS `user_name`, `network`.`signal`, `network`.`essid`, `network`.`bssid`, `security_type`.`type` AS `security_type`, `devices`.`ip_address`, `devices`.`operating_system`, `devices`.`mac_address`, `ports`.`port_name`, `ports`.`service`, `ports`.`protocol`, `port_status`.`open`, `port_status`.`close`, `port_status`.`filtered`, `solution`.`solution`, `solution`.`vulnerability_code`, `solution`.`vuln_description`, `network`.`channel`
FROM `scan`
JOIN `users` ON `users`.`id_user` = `scan`.`id_user`
JOIN `network` ON `network`.`id_network` = `scan`.`id_network`
JOIN `security_type` ON `security_type`.`id_security_type` = `network`.`id_security_type`
JOIN `scan_details` ON `scan_details`.`id_scan` = `scan`.`id_scan`
JOIN `devices` ON `devices`.`id_devices` = `scan_details`.`id_devices`
JOIN `port_analysis` ON `port_analysis`.`id_devices` = `devices`.`id_devices`
JOIN `ports` ON `ports`.`id_port` = `port_analysis`.`id_port`
JOIN `port_status` ON `port_status`.`id_port_status` = `ports`.`id_port_status`
JOIN `solution` ON `solution`.`id_solution` = `scan_details`.`id_solution`
WHERE `scan`.`id_user` = \'1\'')
 3 SYSTEMPATH\Database\BaseConnection.php(636): CodeIgniter\Database\BaseConnection->simpleQuery('SELECT `scan`.*, `users`.`name` AS `user_name`, `network`.`signal`, `network`.`essid`, `network`.`bssid`, `security_type`.`type` AS `security_type`, `devices`.`ip_address`, `devices`.`operating_system`, `devices`.`mac_address`, `ports`.`port_name`, `ports`.`service`, `ports`.`protocol`, `port_status`.`open`, `port_status`.`close`, `port_status`.`filtered`, `solution`.`solution`, `solution`.`vulnerability_code`, `solution`.`vuln_description`, `network`.`channel`
FROM `scan`
JOIN `users` ON `users`.`id_user` = `scan`.`id_user`
JOIN `network` ON `network`.`id_network` = `scan`.`id_network`
JOIN `security_type` ON `security_type`.`id_security_type` = `network`.`id_security_type`
JOIN `scan_details` ON `scan_details`.`id_scan` = `scan`.`id_scan`
JOIN `devices` ON `devices`.`id_devices` = `scan_details`.`id_devices`
JOIN `port_analysis` ON `port_analysis`.`id_devices` = `devices`.`id_devices`
JOIN `ports` ON `ports`.`id_port` = `port_analysis`.`id_port`
JOIN `port_status` ON `port_status`.`id_port_status` = `ports`.`id_port_status`
JOIN `solution` ON `solution`.`id_solution` = `scan_details`.`id_solution`
WHERE `scan`.`id_user` = \'1\'')
 4 SYSTEMPATH\Database\BaseBuilder.php(1629): CodeIgniter\Database\BaseConnection->query('SELECT `scan`.*, `users`.`name` AS `user_name`, `network`.`signal`, `network`.`essid`, `network`.`bssid`, `security_type`.`type` AS `security_type`, `devices`.`ip_address`, `devices`.`operating_system`, `devices`.`mac_address`, `ports`.`port_name`, `ports`.`service`, `ports`.`protocol`, `port_status`.`open`, `port_status`.`close`, `port_status`.`filtered`, `solution`.`solution`, `solution`.`vulnerability_code`, `solution`.`vuln_description`, `network`.`channel`
FROM `scan`
JOIN `users` ON `users`.`id_user` = `scan`.`id_user`
JOIN `network` ON `network`.`id_network` = `scan`.`id_network`
JOIN `security_type` ON `security_type`.`id_security_type` = `network`.`id_security_type`
JOIN `scan_details` ON `scan_details`.`id_scan` = `scan`.`id_scan`
JOIN `devices` ON `devices`.`id_devices` = `scan_details`.`id_devices`
JOIN `port_analysis` ON `port_analysis`.`id_devices` = `devices`.`id_devices`
JOIN `ports` ON `ports`.`id_port` = `port_analysis`.`id_port`
JOIN `port_status` ON `port_status`.`id_port_status` = `ports`.`id_port_status`
JOIN `solution` ON `solution`.`id_solution` = `scan_details`.`id_solution`
WHERE `scan`.`id_user` = :scan.id_user:', [...], false)
 5 APPPATH\Models\secondary\form\ScanModel.php(31): CodeIgniter\Database\BaseBuilder->get()
 6 APPPATH\Controllers\secondary\profile\History.php(22): App\Models\secondary\form\ScanModel->getScanDetailsByUser('1')
 7 SYSTEMPATH\CodeIgniter.php(933): App\Controllers\secondary\profile\History->history()
 8 SYSTEMPATH\CodeIgniter.php(509): CodeIgniter\CodeIgniter->runController(Object(App\Controllers\secondary\profile\History))
 9 SYSTEMPATH\CodeIgniter.php(355): CodeIgniter\CodeIgniter->handleRequest(null, Object(Config\Cache), false)
10 SYSTEMPATH\Boot.php(312): CodeIgniter\CodeIgniter->run()
11 SYSTEMPATH\Boot.php(67): CodeIgniter\Boot::runCodeIgniter(Object(CodeIgniter\CodeIgniter))
12 FCPATH\index.php(56): CodeIgniter\Boot::bootWeb(Object(Config\Paths))
ERROR - 2024-08-28 01:15:33 --> mysqli_sql_exception: Unknown column 'network.id_security_type' in 'on clause' in C:\xampp\htdocs\NVS\system\Database\MySQLi\Connection.php:308
Stack trace:
#0 C:\xampp\htdocs\NVS\system\Database\MySQLi\Connection.php(308): mysqli->query('SELECT `scan`.*...', 0)
#1 C:\xampp\htdocs\NVS\system\Database\BaseConnection.php(722): CodeIgniter\Database\MySQLi\Connection->execute('SELECT `scan`.*...')
#2 C:\xampp\htdocs\NVS\system\Database\BaseConnection.php(636): CodeIgniter\Database\BaseConnection->simpleQuery('SELECT `scan`.*...')
#3 C:\xampp\htdocs\NVS\system\Database\BaseBuilder.php(1629): CodeIgniter\Database\BaseConnection->query('SELECT `scan`.*...', Array, false)
#4 C:\xampp\htdocs\NVS\app\Models\secondary\form\ScanModel.php(31): CodeIgniter\Database\BaseBuilder->get()
#5 C:\xampp\htdocs\NVS\app\Controllers\secondary\profile\History.php(22): App\Models\secondary\form\ScanModel->getScanDetailsByUser('1')
#6 C:\xampp\htdocs\NVS\system\CodeIgniter.php(933): App\Controllers\secondary\profile\History->history()
#7 C:\xampp\htdocs\NVS\system\CodeIgniter.php(509): CodeIgniter\CodeIgniter->runController(Object(App\Controllers\secondary\profile\History))
#8 C:\xampp\htdocs\NVS\system\CodeIgniter.php(355): CodeIgniter\CodeIgniter->handleRequest(NULL, Object(Config\Cache), false)
#9 C:\xampp\htdocs\NVS\system\Boot.php(312): CodeIgniter\CodeIgniter->run()
#10 C:\xampp\htdocs\NVS\system\Boot.php(67): CodeIgniter\Boot::runCodeIgniter(Object(CodeIgniter\CodeIgniter))
#11 C:\xampp\htdocs\NVS\public\index.php(56): CodeIgniter\Boot::bootWeb(Object(Config\Paths))
#12 {main}
CRITICAL - 2024-08-28 01:15:33 --> CodeIgniter\Database\Exceptions\DatabaseException: Unknown column 'network.id_security_type' in 'on clause'
[Method: GET, Route: history]
in SYSTEMPATH\Database\BaseConnection.php on line 676.
 1 SYSTEMPATH\Database\BaseBuilder.php(1629): CodeIgniter\Database\BaseConnection->query('SELECT `scan`.*, `users`.`name` AS `user_name`, `network`.`signal`, `network`.`essid`, `network`.`bssid`, `security_type`.`type` AS `security_type`, `devices`.`ip_address`, `devices`.`operating_system`, `devices`.`mac_address`, `ports`.`port_name`, `ports`.`service`, `ports`.`protocol`, `port_status`.`open`, `port_status`.`close`, `port_status`.`filtered`, `solution`.`solution`, `solution`.`vulnerability_code`, `solution`.`vuln_description`, `network`.`channel`
FROM `scan`
JOIN `users` ON `users`.`id_user` = `scan`.`id_user`
JOIN `network` ON `network`.`id_network` = `scan`.`id_network`
JOIN `security_type` ON `security_type`.`id_security_type` = `network`.`id_security_type`
JOIN `scan_details` ON `scan_details`.`id_scan` = `scan`.`id_scan`
JOIN `devices` ON `devices`.`id_devices` = `scan_details`.`id_devices`
JOIN `port_analysis` ON `port_analysis`.`id_devices` = `devices`.`id_devices`
JOIN `ports` ON `ports`.`id_port` = `port_analysis`.`id_port`
JOIN `port_status` ON `port_status`.`id_port_status` = `ports`.`id_port_status`
JOIN `solution` ON `solution`.`id_solution` = `scan_details`.`id_solution`
WHERE `scan`.`id_user` = :scan.id_user:', [...], false)
 2 APPPATH\Models\secondary\form\ScanModel.php(31): CodeIgniter\Database\BaseBuilder->get()
 3 APPPATH\Controllers\secondary\profile\History.php(22): App\Models\secondary\form\ScanModel->getScanDetailsByUser('1')
 4 SYSTEMPATH\CodeIgniter.php(933): App\Controllers\secondary\profile\History->history()
 5 SYSTEMPATH\CodeIgniter.php(509): CodeIgniter\CodeIgniter->runController(Object(App\Controllers\secondary\profile\History))
 6 SYSTEMPATH\CodeIgniter.php(355): CodeIgniter\CodeIgniter->handleRequest(null, Object(Config\Cache), false)
 7 SYSTEMPATH\Boot.php(312): CodeIgniter\CodeIgniter->run()
 8 SYSTEMPATH\Boot.php(67): CodeIgniter\Boot::runCodeIgniter(Object(CodeIgniter\CodeIgniter))
 9 FCPATH\index.php(56): CodeIgniter\Boot::bootWeb(Object(Config\Paths))
CRITICAL - 2024-08-28 01:15:33 --> [Caused by] CodeIgniter\Database\Exceptions\DatabaseException: Unknown column 'network.id_security_type' in 'on clause'
in SYSTEMPATH\Database\MySQLi\Connection.php on line 313.
 1 SYSTEMPATH\Database\BaseConnection.php(722): CodeIgniter\Database\MySQLi\Connection->execute('SELECT `scan`.*, `users`.`name` AS `user_name`, `network`.`signal`, `network`.`essid`, `network`.`bssid`, `security_type`.`type` AS `security_type`, `devices`.`ip_address`, `devices`.`operating_system`, `devices`.`mac_address`, `ports`.`port_name`, `ports`.`service`, `ports`.`protocol`, `port_status`.`open`, `port_status`.`close`, `port_status`.`filtered`, `solution`.`solution`, `solution`.`vulnerability_code`, `solution`.`vuln_description`, `network`.`channel`
FROM `scan`
JOIN `users` ON `users`.`id_user` = `scan`.`id_user`
JOIN `network` ON `network`.`id_network` = `scan`.`id_network`
JOIN `security_type` ON `security_type`.`id_security_type` = `network`.`id_security_type`
JOIN `scan_details` ON `scan_details`.`id_scan` = `scan`.`id_scan`
JOIN `devices` ON `devices`.`id_devices` = `scan_details`.`id_devices`
JOIN `port_analysis` ON `port_analysis`.`id_devices` = `devices`.`id_devices`
JOIN `ports` ON `ports`.`id_port` = `port_analysis`.`id_port`
JOIN `port_status` ON `port_status`.`id_port_status` = `ports`.`id_port_status`
JOIN `solution` ON `solution`.`id_solution` = `scan_details`.`id_solution`
WHERE `scan`.`id_user` = \'1\'')
 2 SYSTEMPATH\Database\BaseConnection.php(636): CodeIgniter\Database\BaseConnection->simpleQuery('SELECT `scan`.*, `users`.`name` AS `user_name`, `network`.`signal`, `network`.`essid`, `network`.`bssid`, `security_type`.`type` AS `security_type`, `devices`.`ip_address`, `devices`.`operating_system`, `devices`.`mac_address`, `ports`.`port_name`, `ports`.`service`, `ports`.`protocol`, `port_status`.`open`, `port_status`.`close`, `port_status`.`filtered`, `solution`.`solution`, `solution`.`vulnerability_code`, `solution`.`vuln_description`, `network`.`channel`
FROM `scan`
JOIN `users` ON `users`.`id_user` = `scan`.`id_user`
JOIN `network` ON `network`.`id_network` = `scan`.`id_network`
JOIN `security_type` ON `security_type`.`id_security_type` = `network`.`id_security_type`
JOIN `scan_details` ON `scan_details`.`id_scan` = `scan`.`id_scan`
JOIN `devices` ON `devices`.`id_devices` = `scan_details`.`id_devices`
JOIN `port_analysis` ON `port_analysis`.`id_devices` = `devices`.`id_devices`
JOIN `ports` ON `ports`.`id_port` = `port_analysis`.`id_port`
JOIN `port_status` ON `port_status`.`id_port_status` = `ports`.`id_port_status`
JOIN `solution` ON `solution`.`id_solution` = `scan_details`.`id_solution`
WHERE `scan`.`id_user` = \'1\'')
 3 SYSTEMPATH\Database\BaseBuilder.php(1629): CodeIgniter\Database\BaseConnection->query('SELECT `scan`.*, `users`.`name` AS `user_name`, `network`.`signal`, `network`.`essid`, `network`.`bssid`, `security_type`.`type` AS `security_type`, `devices`.`ip_address`, `devices`.`operating_system`, `devices`.`mac_address`, `ports`.`port_name`, `ports`.`service`, `ports`.`protocol`, `port_status`.`open`, `port_status`.`close`, `port_status`.`filtered`, `solution`.`solution`, `solution`.`vulnerability_code`, `solution`.`vuln_description`, `network`.`channel`
FROM `scan`
JOIN `users` ON `users`.`id_user` = `scan`.`id_user`
JOIN `network` ON `network`.`id_network` = `scan`.`id_network`
JOIN `security_type` ON `security_type`.`id_security_type` = `network`.`id_security_type`
JOIN `scan_details` ON `scan_details`.`id_scan` = `scan`.`id_scan`
JOIN `devices` ON `devices`.`id_devices` = `scan_details`.`id_devices`
JOIN `port_analysis` ON `port_analysis`.`id_devices` = `devices`.`id_devices`
JOIN `ports` ON `ports`.`id_port` = `port_analysis`.`id_port`
JOIN `port_status` ON `port_status`.`id_port_status` = `ports`.`id_port_status`
JOIN `solution` ON `solution`.`id_solution` = `scan_details`.`id_solution`
WHERE `scan`.`id_user` = :scan.id_user:', [...], false)
 4 APPPATH\Models\secondary\form\ScanModel.php(31): CodeIgniter\Database\BaseBuilder->get()
 5 APPPATH\Controllers\secondary\profile\History.php(22): App\Models\secondary\form\ScanModel->getScanDetailsByUser('1')
 6 SYSTEMPATH\CodeIgniter.php(933): App\Controllers\secondary\profile\History->history()
 7 SYSTEMPATH\CodeIgniter.php(509): CodeIgniter\CodeIgniter->runController(Object(App\Controllers\secondary\profile\History))
 8 SYSTEMPATH\CodeIgniter.php(355): CodeIgniter\CodeIgniter->handleRequest(null, Object(Config\Cache), false)
 9 SYSTEMPATH\Boot.php(312): CodeIgniter\CodeIgniter->run()
10 SYSTEMPATH\Boot.php(67): CodeIgniter\Boot::runCodeIgniter(Object(CodeIgniter\CodeIgniter))
11 FCPATH\index.php(56): CodeIgniter\Boot::bootWeb(Object(Config\Paths))
CRITICAL - 2024-08-28 01:15:33 --> [Caused by] mysqli_sql_exception: Unknown column 'network.id_security_type' in 'on clause'
in SYSTEMPATH\Database\MySQLi\Connection.php on line 308.
 1 SYSTEMPATH\Database\MySQLi\Connection.php(308): mysqli->query('SELECT `scan`.*, `users`.`name` AS `user_name`, `network`.`signal`, `network`.`essid`, `network`.`bssid`, `security_type`.`type` AS `security_type`, `devices`.`ip_address`, `devices`.`operating_system`, `devices`.`mac_address`, `ports`.`port_name`, `ports`.`service`, `ports`.`protocol`, `port_status`.`open`, `port_status`.`close`, `port_status`.`filtered`, `solution`.`solution`, `solution`.`vulnerability_code`, `solution`.`vuln_description`, `network`.`channel`
FROM `scan`
JOIN `users` ON `users`.`id_user` = `scan`.`id_user`
JOIN `network` ON `network`.`id_network` = `scan`.`id_network`
JOIN `security_type` ON `security_type`.`id_security_type` = `network`.`id_security_type`
JOIN `scan_details` ON `scan_details`.`id_scan` = `scan`.`id_scan`
JOIN `devices` ON `devices`.`id_devices` = `scan_details`.`id_devices`
JOIN `port_analysis` ON `port_analysis`.`id_devices` = `devices`.`id_devices`
JOIN `ports` ON `ports`.`id_port` = `port_analysis`.`id_port`
JOIN `port_status` ON `port_status`.`id_port_status` = `ports`.`id_port_status`
JOIN `solution` ON `solution`.`id_solution` = `scan_details`.`id_solution`
WHERE `scan`.`id_user` = \'1\'', 0)
 2 SYSTEMPATH\Database\BaseConnection.php(722): CodeIgniter\Database\MySQLi\Connection->execute('SELECT `scan`.*, `users`.`name` AS `user_name`, `network`.`signal`, `network`.`essid`, `network`.`bssid`, `security_type`.`type` AS `security_type`, `devices`.`ip_address`, `devices`.`operating_system`, `devices`.`mac_address`, `ports`.`port_name`, `ports`.`service`, `ports`.`protocol`, `port_status`.`open`, `port_status`.`close`, `port_status`.`filtered`, `solution`.`solution`, `solution`.`vulnerability_code`, `solution`.`vuln_description`, `network`.`channel`
FROM `scan`
JOIN `users` ON `users`.`id_user` = `scan`.`id_user`
JOIN `network` ON `network`.`id_network` = `scan`.`id_network`
JOIN `security_type` ON `security_type`.`id_security_type` = `network`.`id_security_type`
JOIN `scan_details` ON `scan_details`.`id_scan` = `scan`.`id_scan`
JOIN `devices` ON `devices`.`id_devices` = `scan_details`.`id_devices`
JOIN `port_analysis` ON `port_analysis`.`id_devices` = `devices`.`id_devices`
JOIN `ports` ON `ports`.`id_port` = `port_analysis`.`id_port`
JOIN `port_status` ON `port_status`.`id_port_status` = `ports`.`id_port_status`
JOIN `solution` ON `solution`.`id_solution` = `scan_details`.`id_solution`
WHERE `scan`.`id_user` = \'1\'')
 3 SYSTEMPATH\Database\BaseConnection.php(636): CodeIgniter\Database\BaseConnection->simpleQuery('SELECT `scan`.*, `users`.`name` AS `user_name`, `network`.`signal`, `network`.`essid`, `network`.`bssid`, `security_type`.`type` AS `security_type`, `devices`.`ip_address`, `devices`.`operating_system`, `devices`.`mac_address`, `ports`.`port_name`, `ports`.`service`, `ports`.`protocol`, `port_status`.`open`, `port_status`.`close`, `port_status`.`filtered`, `solution`.`solution`, `solution`.`vulnerability_code`, `solution`.`vuln_description`, `network`.`channel`
FROM `scan`
JOIN `users` ON `users`.`id_user` = `scan`.`id_user`
JOIN `network` ON `network`.`id_network` = `scan`.`id_network`
JOIN `security_type` ON `security_type`.`id_security_type` = `network`.`id_security_type`
JOIN `scan_details` ON `scan_details`.`id_scan` = `scan`.`id_scan`
JOIN `devices` ON `devices`.`id_devices` = `scan_details`.`id_devices`
JOIN `port_analysis` ON `port_analysis`.`id_devices` = `devices`.`id_devices`
JOIN `ports` ON `ports`.`id_port` = `port_analysis`.`id_port`
JOIN `port_status` ON `port_status`.`id_port_status` = `ports`.`id_port_status`
JOIN `solution` ON `solution`.`id_solution` = `scan_details`.`id_solution`
WHERE `scan`.`id_user` = \'1\'')
 4 SYSTEMPATH\Database\BaseBuilder.php(1629): CodeIgniter\Database\BaseConnection->query('SELECT `scan`.*, `users`.`name` AS `user_name`, `network`.`signal`, `network`.`essid`, `network`.`bssid`, `security_type`.`type` AS `security_type`, `devices`.`ip_address`, `devices`.`operating_system`, `devices`.`mac_address`, `ports`.`port_name`, `ports`.`service`, `ports`.`protocol`, `port_status`.`open`, `port_status`.`close`, `port_status`.`filtered`, `solution`.`solution`, `solution`.`vulnerability_code`, `solution`.`vuln_description`, `network`.`channel`
FROM `scan`
JOIN `users` ON `users`.`id_user` = `scan`.`id_user`
JOIN `network` ON `network`.`id_network` = `scan`.`id_network`
JOIN `security_type` ON `security_type`.`id_security_type` = `network`.`id_security_type`
JOIN `scan_details` ON `scan_details`.`id_scan` = `scan`.`id_scan`
JOIN `devices` ON `devices`.`id_devices` = `scan_details`.`id_devices`
JOIN `port_analysis` ON `port_analysis`.`id_devices` = `devices`.`id_devices`
JOIN `ports` ON `ports`.`id_port` = `port_analysis`.`id_port`
JOIN `port_status` ON `port_status`.`id_port_status` = `ports`.`id_port_status`
JOIN `solution` ON `solution`.`id_solution` = `scan_details`.`id_solution`
WHERE `scan`.`id_user` = :scan.id_user:', [...], false)
 5 APPPATH\Models\secondary\form\ScanModel.php(31): CodeIgniter\Database\BaseBuilder->get()
 6 APPPATH\Controllers\secondary\profile\History.php(22): App\Models\secondary\form\ScanModel->getScanDetailsByUser('1')
 7 SYSTEMPATH\CodeIgniter.php(933): App\Controllers\secondary\profile\History->history()
 8 SYSTEMPATH\CodeIgniter.php(509): CodeIgniter\CodeIgniter->runController(Object(App\Controllers\secondary\profile\History))
 9 SYSTEMPATH\CodeIgniter.php(355): CodeIgniter\CodeIgniter->handleRequest(null, Object(Config\Cache), false)
10 SYSTEMPATH\Boot.php(312): CodeIgniter\CodeIgniter->run()
11 SYSTEMPATH\Boot.php(67): CodeIgniter\Boot::runCodeIgniter(Object(CodeIgniter\CodeIgniter))
12 FCPATH\index.php(56): CodeIgniter\Boot::bootWeb(Object(Config\Paths))
ERROR - 2024-08-28 01:15:33 --> mysqli_sql_exception: Unknown column 'network.id_security_type' in 'on clause' in C:\xampp\htdocs\NVS\system\Database\MySQLi\Connection.php:308
Stack trace:
#0 C:\xampp\htdocs\NVS\system\Database\MySQLi\Connection.php(308): mysqli->query('SELECT `scan`.*...', 0)
#1 C:\xampp\htdocs\NVS\system\Database\BaseConnection.php(722): CodeIgniter\Database\MySQLi\Connection->execute('SELECT `scan`.*...')
#2 C:\xampp\htdocs\NVS\system\Database\BaseConnection.php(636): CodeIgniter\Database\BaseConnection->simpleQuery('SELECT `scan`.*...')
#3 C:\xampp\htdocs\NVS\system\Database\BaseBuilder.php(1629): CodeIgniter\Database\BaseConnection->query('SELECT `scan`.*...', Array, false)
#4 C:\xampp\htdocs\NVS\app\Models\secondary\form\ScanModel.php(31): CodeIgniter\Database\BaseBuilder->get()
#5 C:\xampp\htdocs\NVS\app\Controllers\secondary\profile\History.php(22): App\Models\secondary\form\ScanModel->getScanDetailsByUser('1')
#6 C:\xampp\htdocs\NVS\system\CodeIgniter.php(933): App\Controllers\secondary\profile\History->history()
#7 C:\xampp\htdocs\NVS\system\CodeIgniter.php(509): CodeIgniter\CodeIgniter->runController(Object(App\Controllers\secondary\profile\History))
#8 C:\xampp\htdocs\NVS\system\CodeIgniter.php(355): CodeIgniter\CodeIgniter->handleRequest(NULL, Object(Config\Cache), false)
#9 C:\xampp\htdocs\NVS\system\Boot.php(312): CodeIgniter\CodeIgniter->run()
#10 C:\xampp\htdocs\NVS\system\Boot.php(67): CodeIgniter\Boot::runCodeIgniter(Object(CodeIgniter\CodeIgniter))
#11 C:\xampp\htdocs\NVS\public\index.php(56): CodeIgniter\Boot::bootWeb(Object(Config\Paths))
#12 {main}
CRITICAL - 2024-08-28 01:15:33 --> CodeIgniter\Database\Exceptions\DatabaseException: Unknown column 'network.id_security_type' in 'on clause'
[Method: GET, Route: history]
in SYSTEMPATH\Database\BaseConnection.php on line 676.
 1 SYSTEMPATH\Database\BaseBuilder.php(1629): CodeIgniter\Database\BaseConnection->query('SELECT `scan`.*, `users`.`name` AS `user_name`, `network`.`signal`, `network`.`essid`, `network`.`bssid`, `security_type`.`type` AS `security_type`, `devices`.`ip_address`, `devices`.`operating_system`, `devices`.`mac_address`, `ports`.`port_name`, `ports`.`service`, `ports`.`protocol`, `port_status`.`open`, `port_status`.`close`, `port_status`.`filtered`, `solution`.`solution`, `solution`.`vulnerability_code`, `solution`.`vuln_description`, `network`.`channel`
FROM `scan`
JOIN `users` ON `users`.`id_user` = `scan`.`id_user`
JOIN `network` ON `network`.`id_network` = `scan`.`id_network`
JOIN `security_type` ON `security_type`.`id_security_type` = `network`.`id_security_type`
JOIN `scan_details` ON `scan_details`.`id_scan` = `scan`.`id_scan`
JOIN `devices` ON `devices`.`id_devices` = `scan_details`.`id_devices`
JOIN `port_analysis` ON `port_analysis`.`id_devices` = `devices`.`id_devices`
JOIN `ports` ON `ports`.`id_port` = `port_analysis`.`id_port`
JOIN `port_status` ON `port_status`.`id_port_status` = `ports`.`id_port_status`
JOIN `solution` ON `solution`.`id_solution` = `scan_details`.`id_solution`
WHERE `scan`.`id_user` = :scan.id_user:', [...], false)
 2 APPPATH\Models\secondary\form\ScanModel.php(31): CodeIgniter\Database\BaseBuilder->get()
 3 APPPATH\Controllers\secondary\profile\History.php(22): App\Models\secondary\form\ScanModel->getScanDetailsByUser('1')
 4 SYSTEMPATH\CodeIgniter.php(933): App\Controllers\secondary\profile\History->history()
 5 SYSTEMPATH\CodeIgniter.php(509): CodeIgniter\CodeIgniter->runController(Object(App\Controllers\secondary\profile\History))
 6 SYSTEMPATH\CodeIgniter.php(355): CodeIgniter\CodeIgniter->handleRequest(null, Object(Config\Cache), false)
 7 SYSTEMPATH\Boot.php(312): CodeIgniter\CodeIgniter->run()
 8 SYSTEMPATH\Boot.php(67): CodeIgniter\Boot::runCodeIgniter(Object(CodeIgniter\CodeIgniter))
 9 FCPATH\index.php(56): CodeIgniter\Boot::bootWeb(Object(Config\Paths))
CRITICAL - 2024-08-28 01:15:33 --> [Caused by] CodeIgniter\Database\Exceptions\DatabaseException: Unknown column 'network.id_security_type' in 'on clause'
in SYSTEMPATH\Database\MySQLi\Connection.php on line 313.
 1 SYSTEMPATH\Database\BaseConnection.php(722): CodeIgniter\Database\MySQLi\Connection->execute('SELECT `scan`.*, `users`.`name` AS `user_name`, `network`.`signal`, `network`.`essid`, `network`.`bssid`, `security_type`.`type` AS `security_type`, `devices`.`ip_address`, `devices`.`operating_system`, `devices`.`mac_address`, `ports`.`port_name`, `ports`.`service`, `ports`.`protocol`, `port_status`.`open`, `port_status`.`close`, `port_status`.`filtered`, `solution`.`solution`, `solution`.`vulnerability_code`, `solution`.`vuln_description`, `network`.`channel`
FROM `scan`
JOIN `users` ON `users`.`id_user` = `scan`.`id_user`
JOIN `network` ON `network`.`id_network` = `scan`.`id_network`
JOIN `security_type` ON `security_type`.`id_security_type` = `network`.`id_security_type`
JOIN `scan_details` ON `scan_details`.`id_scan` = `scan`.`id_scan`
JOIN `devices` ON `devices`.`id_devices` = `scan_details`.`id_devices`
JOIN `port_analysis` ON `port_analysis`.`id_devices` = `devices`.`id_devices`
JOIN `ports` ON `ports`.`id_port` = `port_analysis`.`id_port`
JOIN `port_status` ON `port_status`.`id_port_status` = `ports`.`id_port_status`
JOIN `solution` ON `solution`.`id_solution` = `scan_details`.`id_solution`
WHERE `scan`.`id_user` = \'1\'')
 2 SYSTEMPATH\Database\BaseConnection.php(636): CodeIgniter\Database\BaseConnection->simpleQuery('SELECT `scan`.*, `users`.`name` AS `user_name`, `network`.`signal`, `network`.`essid`, `network`.`bssid`, `security_type`.`type` AS `security_type`, `devices`.`ip_address`, `devices`.`operating_system`, `devices`.`mac_address`, `ports`.`port_name`, `ports`.`service`, `ports`.`protocol`, `port_status`.`open`, `port_status`.`close`, `port_status`.`filtered`, `solution`.`solution`, `solution`.`vulnerability_code`, `solution`.`vuln_description`, `network`.`channel`
FROM `scan`
JOIN `users` ON `users`.`id_user` = `scan`.`id_user`
JOIN `network` ON `network`.`id_network` = `scan`.`id_network`
JOIN `security_type` ON `security_type`.`id_security_type` = `network`.`id_security_type`
JOIN `scan_details` ON `scan_details`.`id_scan` = `scan`.`id_scan`
JOIN `devices` ON `devices`.`id_devices` = `scan_details`.`id_devices`
JOIN `port_analysis` ON `port_analysis`.`id_devices` = `devices`.`id_devices`
JOIN `ports` ON `ports`.`id_port` = `port_analysis`.`id_port`
JOIN `port_status` ON `port_status`.`id_port_status` = `ports`.`id_port_status`
JOIN `solution` ON `solution`.`id_solution` = `scan_details`.`id_solution`
WHERE `scan`.`id_user` = \'1\'')
 3 SYSTEMPATH\Database\BaseBuilder.php(1629): CodeIgniter\Database\BaseConnection->query('SELECT `scan`.*, `users`.`name` AS `user_name`, `network`.`signal`, `network`.`essid`, `network`.`bssid`, `security_type`.`type` AS `security_type`, `devices`.`ip_address`, `devices`.`operating_system`, `devices`.`mac_address`, `ports`.`port_name`, `ports`.`service`, `ports`.`protocol`, `port_status`.`open`, `port_status`.`close`, `port_status`.`filtered`, `solution`.`solution`, `solution`.`vulnerability_code`, `solution`.`vuln_description`, `network`.`channel`
FROM `scan`
JOIN `users` ON `users`.`id_user` = `scan`.`id_user`
JOIN `network` ON `network`.`id_network` = `scan`.`id_network`
JOIN `security_type` ON `security_type`.`id_security_type` = `network`.`id_security_type`
JOIN `scan_details` ON `scan_details`.`id_scan` = `scan`.`id_scan`
JOIN `devices` ON `devices`.`id_devices` = `scan_details`.`id_devices`
JOIN `port_analysis` ON `port_analysis`.`id_devices` = `devices`.`id_devices`
JOIN `ports` ON `ports`.`id_port` = `port_analysis`.`id_port`
JOIN `port_status` ON `port_status`.`id_port_status` = `ports`.`id_port_status`
JOIN `solution` ON `solution`.`id_solution` = `scan_details`.`id_solution`
WHERE `scan`.`id_user` = :scan.id_user:', [...], false)
 4 APPPATH\Models\secondary\form\ScanModel.php(31): CodeIgniter\Database\BaseBuilder->get()
 5 APPPATH\Controllers\secondary\profile\History.php(22): App\Models\secondary\form\ScanModel->getScanDetailsByUser('1')
 6 SYSTEMPATH\CodeIgniter.php(933): App\Controllers\secondary\profile\History->history()
 7 SYSTEMPATH\CodeIgniter.php(509): CodeIgniter\CodeIgniter->runController(Object(App\Controllers\secondary\profile\History))
 8 SYSTEMPATH\CodeIgniter.php(355): CodeIgniter\CodeIgniter->handleRequest(null, Object(Config\Cache), false)
 9 SYSTEMPATH\Boot.php(312): CodeIgniter\CodeIgniter->run()
10 SYSTEMPATH\Boot.php(67): CodeIgniter\Boot::runCodeIgniter(Object(CodeIgniter\CodeIgniter))
11 FCPATH\index.php(56): CodeIgniter\Boot::bootWeb(Object(Config\Paths))
CRITICAL - 2024-08-28 01:15:33 --> [Caused by] mysqli_sql_exception: Unknown column 'network.id_security_type' in 'on clause'
in SYSTEMPATH\Database\MySQLi\Connection.php on line 308.
 1 SYSTEMPATH\Database\MySQLi\Connection.php(308): mysqli->query('SELECT `scan`.*, `users`.`name` AS `user_name`, `network`.`signal`, `network`.`essid`, `network`.`bssid`, `security_type`.`type` AS `security_type`, `devices`.`ip_address`, `devices`.`operating_system`, `devices`.`mac_address`, `ports`.`port_name`, `ports`.`service`, `ports`.`protocol`, `port_status`.`open`, `port_status`.`close`, `port_status`.`filtered`, `solution`.`solution`, `solution`.`vulnerability_code`, `solution`.`vuln_description`, `network`.`channel`
FROM `scan`
JOIN `users` ON `users`.`id_user` = `scan`.`id_user`
JOIN `network` ON `network`.`id_network` = `scan`.`id_network`
JOIN `security_type` ON `security_type`.`id_security_type` = `network`.`id_security_type`
JOIN `scan_details` ON `scan_details`.`id_scan` = `scan`.`id_scan`
JOIN `devices` ON `devices`.`id_devices` = `scan_details`.`id_devices`
JOIN `port_analysis` ON `port_analysis`.`id_devices` = `devices`.`id_devices`
JOIN `ports` ON `ports`.`id_port` = `port_analysis`.`id_port`
JOIN `port_status` ON `port_status`.`id_port_status` = `ports`.`id_port_status`
JOIN `solution` ON `solution`.`id_solution` = `scan_details`.`id_solution`
WHERE `scan`.`id_user` = \'1\'', 0)
 2 SYSTEMPATH\Database\BaseConnection.php(722): CodeIgniter\Database\MySQLi\Connection->execute('SELECT `scan`.*, `users`.`name` AS `user_name`, `network`.`signal`, `network`.`essid`, `network`.`bssid`, `security_type`.`type` AS `security_type`, `devices`.`ip_address`, `devices`.`operating_system`, `devices`.`mac_address`, `ports`.`port_name`, `ports`.`service`, `ports`.`protocol`, `port_status`.`open`, `port_status`.`close`, `port_status`.`filtered`, `solution`.`solution`, `solution`.`vulnerability_code`, `solution`.`vuln_description`, `network`.`channel`
FROM `scan`
JOIN `users` ON `users`.`id_user` = `scan`.`id_user`
JOIN `network` ON `network`.`id_network` = `scan`.`id_network`
JOIN `security_type` ON `security_type`.`id_security_type` = `network`.`id_security_type`
JOIN `scan_details` ON `scan_details`.`id_scan` = `scan`.`id_scan`
JOIN `devices` ON `devices`.`id_devices` = `scan_details`.`id_devices`
JOIN `port_analysis` ON `port_analysis`.`id_devices` = `devices`.`id_devices`
JOIN `ports` ON `ports`.`id_port` = `port_analysis`.`id_port`
JOIN `port_status` ON `port_status`.`id_port_status` = `ports`.`id_port_status`
JOIN `solution` ON `solution`.`id_solution` = `scan_details`.`id_solution`
WHERE `scan`.`id_user` = \'1\'')
 3 SYSTEMPATH\Database\BaseConnection.php(636): CodeIgniter\Database\BaseConnection->simpleQuery('SELECT `scan`.*, `users`.`name` AS `user_name`, `network`.`signal`, `network`.`essid`, `network`.`bssid`, `security_type`.`type` AS `security_type`, `devices`.`ip_address`, `devices`.`operating_system`, `devices`.`mac_address`, `ports`.`port_name`, `ports`.`service`, `ports`.`protocol`, `port_status`.`open`, `port_status`.`close`, `port_status`.`filtered`, `solution`.`solution`, `solution`.`vulnerability_code`, `solution`.`vuln_description`, `network`.`channel`
FROM `scan`
JOIN `users` ON `users`.`id_user` = `scan`.`id_user`
JOIN `network` ON `network`.`id_network` = `scan`.`id_network`
JOIN `security_type` ON `security_type`.`id_security_type` = `network`.`id_security_type`
JOIN `scan_details` ON `scan_details`.`id_scan` = `scan`.`id_scan`
JOIN `devices` ON `devices`.`id_devices` = `scan_details`.`id_devices`
JOIN `port_analysis` ON `port_analysis`.`id_devices` = `devices`.`id_devices`
JOIN `ports` ON `ports`.`id_port` = `port_analysis`.`id_port`
JOIN `port_status` ON `port_status`.`id_port_status` = `ports`.`id_port_status`
JOIN `solution` ON `solution`.`id_solution` = `scan_details`.`id_solution`
WHERE `scan`.`id_user` = \'1\'')
 4 SYSTEMPATH\Database\BaseBuilder.php(1629): CodeIgniter\Database\BaseConnection->query('SELECT `scan`.*, `users`.`name` AS `user_name`, `network`.`signal`, `network`.`essid`, `network`.`bssid`, `security_type`.`type` AS `security_type`, `devices`.`ip_address`, `devices`.`operating_system`, `devices`.`mac_address`, `ports`.`port_name`, `ports`.`service`, `ports`.`protocol`, `port_status`.`open`, `port_status`.`close`, `port_status`.`filtered`, `solution`.`solution`, `solution`.`vulnerability_code`, `solution`.`vuln_description`, `network`.`channel`
FROM `scan`
JOIN `users` ON `users`.`id_user` = `scan`.`id_user`
JOIN `network` ON `network`.`id_network` = `scan`.`id_network`
JOIN `security_type` ON `security_type`.`id_security_type` = `network`.`id_security_type`
JOIN `scan_details` ON `scan_details`.`id_scan` = `scan`.`id_scan`
JOIN `devices` ON `devices`.`id_devices` = `scan_details`.`id_devices`
JOIN `port_analysis` ON `port_analysis`.`id_devices` = `devices`.`id_devices`
JOIN `ports` ON `ports`.`id_port` = `port_analysis`.`id_port`
JOIN `port_status` ON `port_status`.`id_port_status` = `ports`.`id_port_status`
JOIN `solution` ON `solution`.`id_solution` = `scan_details`.`id_solution`
WHERE `scan`.`id_user` = :scan.id_user:', [...], false)
 5 APPPATH\Models\secondary\form\ScanModel.php(31): CodeIgniter\Database\BaseBuilder->get()
 6 APPPATH\Controllers\secondary\profile\History.php(22): App\Models\secondary\form\ScanModel->getScanDetailsByUser('1')
 7 SYSTEMPATH\CodeIgniter.php(933): App\Controllers\secondary\profile\History->history()
 8 SYSTEMPATH\CodeIgniter.php(509): CodeIgniter\CodeIgniter->runController(Object(App\Controllers\secondary\profile\History))
 9 SYSTEMPATH\CodeIgniter.php(355): CodeIgniter\CodeIgniter->handleRequest(null, Object(Config\Cache), false)
10 SYSTEMPATH\Boot.php(312): CodeIgniter\CodeIgniter->run()
11 SYSTEMPATH\Boot.php(67): CodeIgniter\Boot::runCodeIgniter(Object(CodeIgniter\CodeIgniter))
12 FCPATH\index.php(56): CodeIgniter\Boot::bootWeb(Object(Config\Paths))
ERROR - 2024-08-28 01:15:34 --> mysqli_sql_exception: Unknown column 'network.id_security_type' in 'on clause' in C:\xampp\htdocs\NVS\system\Database\MySQLi\Connection.php:308
Stack trace:
#0 C:\xampp\htdocs\NVS\system\Database\MySQLi\Connection.php(308): mysqli->query('SELECT `scan`.*...', 0)
#1 C:\xampp\htdocs\NVS\system\Database\BaseConnection.php(722): CodeIgniter\Database\MySQLi\Connection->execute('SELECT `scan`.*...')
#2 C:\xampp\htdocs\NVS\system\Database\BaseConnection.php(636): CodeIgniter\Database\BaseConnection->simpleQuery('SELECT `scan`.*...')
#3 C:\xampp\htdocs\NVS\system\Database\BaseBuilder.php(1629): CodeIgniter\Database\BaseConnection->query('SELECT `scan`.*...', Array, false)
#4 C:\xampp\htdocs\NVS\app\Models\secondary\form\ScanModel.php(31): CodeIgniter\Database\BaseBuilder->get()
#5 C:\xampp\htdocs\NVS\app\Controllers\secondary\profile\History.php(22): App\Models\secondary\form\ScanModel->getScanDetailsByUser('1')
#6 C:\xampp\htdocs\NVS\system\CodeIgniter.php(933): App\Controllers\secondary\profile\History->history()
#7 C:\xampp\htdocs\NVS\system\CodeIgniter.php(509): CodeIgniter\CodeIgniter->runController(Object(App\Controllers\secondary\profile\History))
#8 C:\xampp\htdocs\NVS\system\CodeIgniter.php(355): CodeIgniter\CodeIgniter->handleRequest(NULL, Object(Config\Cache), false)
#9 C:\xampp\htdocs\NVS\system\Boot.php(312): CodeIgniter\CodeIgniter->run()
#10 C:\xampp\htdocs\NVS\system\Boot.php(67): CodeIgniter\Boot::runCodeIgniter(Object(CodeIgniter\CodeIgniter))
#11 C:\xampp\htdocs\NVS\public\index.php(56): CodeIgniter\Boot::bootWeb(Object(Config\Paths))
#12 {main}
CRITICAL - 2024-08-28 01:15:34 --> CodeIgniter\Database\Exceptions\DatabaseException: Unknown column 'network.id_security_type' in 'on clause'
[Method: GET, Route: history]
in SYSTEMPATH\Database\BaseConnection.php on line 676.
 1 SYSTEMPATH\Database\BaseBuilder.php(1629): CodeIgniter\Database\BaseConnection->query('SELECT `scan`.*, `users`.`name` AS `user_name`, `network`.`signal`, `network`.`essid`, `network`.`bssid`, `security_type`.`type` AS `security_type`, `devices`.`ip_address`, `devices`.`operating_system`, `devices`.`mac_address`, `ports`.`port_name`, `ports`.`service`, `ports`.`protocol`, `port_status`.`open`, `port_status`.`close`, `port_status`.`filtered`, `solution`.`solution`, `solution`.`vulnerability_code`, `solution`.`vuln_description`, `network`.`channel`
FROM `scan`
JOIN `users` ON `users`.`id_user` = `scan`.`id_user`
JOIN `network` ON `network`.`id_network` = `scan`.`id_network`
JOIN `security_type` ON `security_type`.`id_security_type` = `network`.`id_security_type`
JOIN `scan_details` ON `scan_details`.`id_scan` = `scan`.`id_scan`
JOIN `devices` ON `devices`.`id_devices` = `scan_details`.`id_devices`
JOIN `port_analysis` ON `port_analysis`.`id_devices` = `devices`.`id_devices`
JOIN `ports` ON `ports`.`id_port` = `port_analysis`.`id_port`
JOIN `port_status` ON `port_status`.`id_port_status` = `ports`.`id_port_status`
JOIN `solution` ON `solution`.`id_solution` = `scan_details`.`id_solution`
WHERE `scan`.`id_user` = :scan.id_user:', [...], false)
 2 APPPATH\Models\secondary\form\ScanModel.php(31): CodeIgniter\Database\BaseBuilder->get()
 3 APPPATH\Controllers\secondary\profile\History.php(22): App\Models\secondary\form\ScanModel->getScanDetailsByUser('1')
 4 SYSTEMPATH\CodeIgniter.php(933): App\Controllers\secondary\profile\History->history()
 5 SYSTEMPATH\CodeIgniter.php(509): CodeIgniter\CodeIgniter->runController(Object(App\Controllers\secondary\profile\History))
 6 SYSTEMPATH\CodeIgniter.php(355): CodeIgniter\CodeIgniter->handleRequest(null, Object(Config\Cache), false)
 7 SYSTEMPATH\Boot.php(312): CodeIgniter\CodeIgniter->run()
 8 SYSTEMPATH\Boot.php(67): CodeIgniter\Boot::runCodeIgniter(Object(CodeIgniter\CodeIgniter))
 9 FCPATH\index.php(56): CodeIgniter\Boot::bootWeb(Object(Config\Paths))
CRITICAL - 2024-08-28 01:15:34 --> [Caused by] CodeIgniter\Database\Exceptions\DatabaseException: Unknown column 'network.id_security_type' in 'on clause'
in SYSTEMPATH\Database\MySQLi\Connection.php on line 313.
 1 SYSTEMPATH\Database\BaseConnection.php(722): CodeIgniter\Database\MySQLi\Connection->execute('SELECT `scan`.*, `users`.`name` AS `user_name`, `network`.`signal`, `network`.`essid`, `network`.`bssid`, `security_type`.`type` AS `security_type`, `devices`.`ip_address`, `devices`.`operating_system`, `devices`.`mac_address`, `ports`.`port_name`, `ports`.`service`, `ports`.`protocol`, `port_status`.`open`, `port_status`.`close`, `port_status`.`filtered`, `solution`.`solution`, `solution`.`vulnerability_code`, `solution`.`vuln_description`, `network`.`channel`
FROM `scan`
JOIN `users` ON `users`.`id_user` = `scan`.`id_user`
JOIN `network` ON `network`.`id_network` = `scan`.`id_network`
JOIN `security_type` ON `security_type`.`id_security_type` = `network`.`id_security_type`
JOIN `scan_details` ON `scan_details`.`id_scan` = `scan`.`id_scan`
JOIN `devices` ON `devices`.`id_devices` = `scan_details`.`id_devices`
JOIN `port_analysis` ON `port_analysis`.`id_devices` = `devices`.`id_devices`
JOIN `ports` ON `ports`.`id_port` = `port_analysis`.`id_port`
JOIN `port_status` ON `port_status`.`id_port_status` = `ports`.`id_port_status`
JOIN `solution` ON `solution`.`id_solution` = `scan_details`.`id_solution`
WHERE `scan`.`id_user` = \'1\'')
 2 SYSTEMPATH\Database\BaseConnection.php(636): CodeIgniter\Database\BaseConnection->simpleQuery('SELECT `scan`.*, `users`.`name` AS `user_name`, `network`.`signal`, `network`.`essid`, `network`.`bssid`, `security_type`.`type` AS `security_type`, `devices`.`ip_address`, `devices`.`operating_system`, `devices`.`mac_address`, `ports`.`port_name`, `ports`.`service`, `ports`.`protocol`, `port_status`.`open`, `port_status`.`close`, `port_status`.`filtered`, `solution`.`solution`, `solution`.`vulnerability_code`, `solution`.`vuln_description`, `network`.`channel`
FROM `scan`
JOIN `users` ON `users`.`id_user` = `scan`.`id_user`
JOIN `network` ON `network`.`id_network` = `scan`.`id_network`
JOIN `security_type` ON `security_type`.`id_security_type` = `network`.`id_security_type`
JOIN `scan_details` ON `scan_details`.`id_scan` = `scan`.`id_scan`
JOIN `devices` ON `devices`.`id_devices` = `scan_details`.`id_devices`
JOIN `port_analysis` ON `port_analysis`.`id_devices` = `devices`.`id_devices`
JOIN `ports` ON `ports`.`id_port` = `port_analysis`.`id_port`
JOIN `port_status` ON `port_status`.`id_port_status` = `ports`.`id_port_status`
JOIN `solution` ON `solution`.`id_solution` = `scan_details`.`id_solution`
WHERE `scan`.`id_user` = \'1\'')
 3 SYSTEMPATH\Database\BaseBuilder.php(1629): CodeIgniter\Database\BaseConnection->query('SELECT `scan`.*, `users`.`name` AS `user_name`, `network`.`signal`, `network`.`essid`, `network`.`bssid`, `security_type`.`type` AS `security_type`, `devices`.`ip_address`, `devices`.`operating_system`, `devices`.`mac_address`, `ports`.`port_name`, `ports`.`service`, `ports`.`protocol`, `port_status`.`open`, `port_status`.`close`, `port_status`.`filtered`, `solution`.`solution`, `solution`.`vulnerability_code`, `solution`.`vuln_description`, `network`.`channel`
FROM `scan`
JOIN `users` ON `users`.`id_user` = `scan`.`id_user`
JOIN `network` ON `network`.`id_network` = `scan`.`id_network`
JOIN `security_type` ON `security_type`.`id_security_type` = `network`.`id_security_type`
JOIN `scan_details` ON `scan_details`.`id_scan` = `scan`.`id_scan`
JOIN `devices` ON `devices`.`id_devices` = `scan_details`.`id_devices`
JOIN `port_analysis` ON `port_analysis`.`id_devices` = `devices`.`id_devices`
JOIN `ports` ON `ports`.`id_port` = `port_analysis`.`id_port`
JOIN `port_status` ON `port_status`.`id_port_status` = `ports`.`id_port_status`
JOIN `solution` ON `solution`.`id_solution` = `scan_details`.`id_solution`
WHERE `scan`.`id_user` = :scan.id_user:', [...], false)
 4 APPPATH\Models\secondary\form\ScanModel.php(31): CodeIgniter\Database\BaseBuilder->get()
 5 APPPATH\Controllers\secondary\profile\History.php(22): App\Models\secondary\form\ScanModel->getScanDetailsByUser('1')
 6 SYSTEMPATH\CodeIgniter.php(933): App\Controllers\secondary\profile\History->history()
 7 SYSTEMPATH\CodeIgniter.php(509): CodeIgniter\CodeIgniter->runController(Object(App\Controllers\secondary\profile\History))
 8 SYSTEMPATH\CodeIgniter.php(355): CodeIgniter\CodeIgniter->handleRequest(null, Object(Config\Cache), false)
 9 SYSTEMPATH\Boot.php(312): CodeIgniter\CodeIgniter->run()
10 SYSTEMPATH\Boot.php(67): CodeIgniter\Boot::runCodeIgniter(Object(CodeIgniter\CodeIgniter))
11 FCPATH\index.php(56): CodeIgniter\Boot::bootWeb(Object(Config\Paths))
CRITICAL - 2024-08-28 01:15:34 --> [Caused by] mysqli_sql_exception: Unknown column 'network.id_security_type' in 'on clause'
in SYSTEMPATH\Database\MySQLi\Connection.php on line 308.
 1 SYSTEMPATH\Database\MySQLi\Connection.php(308): mysqli->query('SELECT `scan`.*, `users`.`name` AS `user_name`, `network`.`signal`, `network`.`essid`, `network`.`bssid`, `security_type`.`type` AS `security_type`, `devices`.`ip_address`, `devices`.`operating_system`, `devices`.`mac_address`, `ports`.`port_name`, `ports`.`service`, `ports`.`protocol`, `port_status`.`open`, `port_status`.`close`, `port_status`.`filtered`, `solution`.`solution`, `solution`.`vulnerability_code`, `solution`.`vuln_description`, `network`.`channel`
FROM `scan`
JOIN `users` ON `users`.`id_user` = `scan`.`id_user`
JOIN `network` ON `network`.`id_network` = `scan`.`id_network`
JOIN `security_type` ON `security_type`.`id_security_type` = `network`.`id_security_type`
JOIN `scan_details` ON `scan_details`.`id_scan` = `scan`.`id_scan`
JOIN `devices` ON `devices`.`id_devices` = `scan_details`.`id_devices`
JOIN `port_analysis` ON `port_analysis`.`id_devices` = `devices`.`id_devices`
JOIN `ports` ON `ports`.`id_port` = `port_analysis`.`id_port`
JOIN `port_status` ON `port_status`.`id_port_status` = `ports`.`id_port_status`
JOIN `solution` ON `solution`.`id_solution` = `scan_details`.`id_solution`
WHERE `scan`.`id_user` = \'1\'', 0)
 2 SYSTEMPATH\Database\BaseConnection.php(722): CodeIgniter\Database\MySQLi\Connection->execute('SELECT `scan`.*, `users`.`name` AS `user_name`, `network`.`signal`, `network`.`essid`, `network`.`bssid`, `security_type`.`type` AS `security_type`, `devices`.`ip_address`, `devices`.`operating_system`, `devices`.`mac_address`, `ports`.`port_name`, `ports`.`service`, `ports`.`protocol`, `port_status`.`open`, `port_status`.`close`, `port_status`.`filtered`, `solution`.`solution`, `solution`.`vulnerability_code`, `solution`.`vuln_description`, `network`.`channel`
FROM `scan`
JOIN `users` ON `users`.`id_user` = `scan`.`id_user`
JOIN `network` ON `network`.`id_network` = `scan`.`id_network`
JOIN `security_type` ON `security_type`.`id_security_type` = `network`.`id_security_type`
JOIN `scan_details` ON `scan_details`.`id_scan` = `scan`.`id_scan`
JOIN `devices` ON `devices`.`id_devices` = `scan_details`.`id_devices`
JOIN `port_analysis` ON `port_analysis`.`id_devices` = `devices`.`id_devices`
JOIN `ports` ON `ports`.`id_port` = `port_analysis`.`id_port`
JOIN `port_status` ON `port_status`.`id_port_status` = `ports`.`id_port_status`
JOIN `solution` ON `solution`.`id_solution` = `scan_details`.`id_solution`
WHERE `scan`.`id_user` = \'1\'')
 3 SYSTEMPATH\Database\BaseConnection.php(636): CodeIgniter\Database\BaseConnection->simpleQuery('SELECT `scan`.*, `users`.`name` AS `user_name`, `network`.`signal`, `network`.`essid`, `network`.`bssid`, `security_type`.`type` AS `security_type`, `devices`.`ip_address`, `devices`.`operating_system`, `devices`.`mac_address`, `ports`.`port_name`, `ports`.`service`, `ports`.`protocol`, `port_status`.`open`, `port_status`.`close`, `port_status`.`filtered`, `solution`.`solution`, `solution`.`vulnerability_code`, `solution`.`vuln_description`, `network`.`channel`
FROM `scan`
JOIN `users` ON `users`.`id_user` = `scan`.`id_user`
JOIN `network` ON `network`.`id_network` = `scan`.`id_network`
JOIN `security_type` ON `security_type`.`id_security_type` = `network`.`id_security_type`
JOIN `scan_details` ON `scan_details`.`id_scan` = `scan`.`id_scan`
JOIN `devices` ON `devices`.`id_devices` = `scan_details`.`id_devices`
JOIN `port_analysis` ON `port_analysis`.`id_devices` = `devices`.`id_devices`
JOIN `ports` ON `ports`.`id_port` = `port_analysis`.`id_port`
JOIN `port_status` ON `port_status`.`id_port_status` = `ports`.`id_port_status`
JOIN `solution` ON `solution`.`id_solution` = `scan_details`.`id_solution`
WHERE `scan`.`id_user` = \'1\'')
 4 SYSTEMPATH\Database\BaseBuilder.php(1629): CodeIgniter\Database\BaseConnection->query('SELECT `scan`.*, `users`.`name` AS `user_name`, `network`.`signal`, `network`.`essid`, `network`.`bssid`, `security_type`.`type` AS `security_type`, `devices`.`ip_address`, `devices`.`operating_system`, `devices`.`mac_address`, `ports`.`port_name`, `ports`.`service`, `ports`.`protocol`, `port_status`.`open`, `port_status`.`close`, `port_status`.`filtered`, `solution`.`solution`, `solution`.`vulnerability_code`, `solution`.`vuln_description`, `network`.`channel`
FROM `scan`
JOIN `users` ON `users`.`id_user` = `scan`.`id_user`
JOIN `network` ON `network`.`id_network` = `scan`.`id_network`
JOIN `security_type` ON `security_type`.`id_security_type` = `network`.`id_security_type`
JOIN `scan_details` ON `scan_details`.`id_scan` = `scan`.`id_scan`
JOIN `devices` ON `devices`.`id_devices` = `scan_details`.`id_devices`
JOIN `port_analysis` ON `port_analysis`.`id_devices` = `devices`.`id_devices`
JOIN `ports` ON `ports`.`id_port` = `port_analysis`.`id_port`
JOIN `port_status` ON `port_status`.`id_port_status` = `ports`.`id_port_status`
JOIN `solution` ON `solution`.`id_solution` = `scan_details`.`id_solution`
WHERE `scan`.`id_user` = :scan.id_user:', [...], false)
 5 APPPATH\Models\secondary\form\ScanModel.php(31): CodeIgniter\Database\BaseBuilder->get()
 6 APPPATH\Controllers\secondary\profile\History.php(22): App\Models\secondary\form\ScanModel->getScanDetailsByUser('1')
 7 SYSTEMPATH\CodeIgniter.php(933): App\Controllers\secondary\profile\History->history()
 8 SYSTEMPATH\CodeIgniter.php(509): CodeIgniter\CodeIgniter->runController(Object(App\Controllers\secondary\profile\History))
 9 SYSTEMPATH\CodeIgniter.php(355): CodeIgniter\CodeIgniter->handleRequest(null, Object(Config\Cache), false)
10 SYSTEMPATH\Boot.php(312): CodeIgniter\CodeIgniter->run()
11 SYSTEMPATH\Boot.php(67): CodeIgniter\Boot::runCodeIgniter(Object(CodeIgniter\CodeIgniter))
12 FCPATH\index.php(56): CodeIgniter\Boot::bootWeb(Object(Config\Paths))
